Namespace(batch_size=32, data='SONN_easy', dropout=0.5, emb_dims=1024, epochs=500, eval=False, exp_name='SageMix_pointnet_SONNeasy', k=20, lr=0.001, model='pointnet', model_path='', momentum=0.9, no_cuda=False, num_points=1024, seed=1, sigma=2.0, test_batch_size=16, theta=0.2, use_sgd=False)
Using GPU : 0 from 1 devices
Namespace(batch_size=32, data='SONN_easy', dropout=0.5, emb_dims=1024, epochs=500, eval=False, exp_name='SageMix_pointnet_SONNeasy', k=20, lr=0.001, model='pointnet', model_path='', momentum=0.9, no_cuda=False, num_points=1024, seed=1, sigma=2.0, test_batch_size=16, theta=0.2, use_sgd=False)
Using GPU : 0 from 1 devices
Train 0, loss: 2.179796
Test 0, loss: 2.261121, test acc: 0.363167, test avg acc: 0.267905, best test acc: 0.363167
Train 1, loss: 1.936718
Test 1, loss: 2.165994, test acc: 0.456110, test avg acc: 0.386207, best test acc: 0.456110
Train 2, loss: 1.832585
Test 2, loss: 2.200242, test acc: 0.483649, test avg acc: 0.385394, best test acc: 0.483649
Train 3, loss: 1.766099
Test 3, loss: 2.154346, test acc: 0.502582, test avg acc: 0.425075, best test acc: 0.502582
Train 4, loss: 1.702834
Test 4, loss: 2.090552, test acc: 0.507745, test avg acc: 0.445035, best test acc: 0.507745
Train 5, loss: 1.683831
Test 5, loss: 2.220604, test acc: 0.456110, test avg acc: 0.388287, best test acc: 0.507745
Train 6, loss: 1.696098
Test 6, loss: 2.098798, test acc: 0.524957, test avg acc: 0.430778, best test acc: 0.524957
Train 7, loss: 1.671998
Test 7, loss: 2.035598, test acc: 0.519793, test avg acc: 0.422669, best test acc: 0.524957
Train 8, loss: 1.598053
Test 8, loss: 2.119793, test acc: 0.557659, test avg acc: 0.486419, best test acc: 0.557659
Train 9, loss: 1.586949
Test 9, loss: 2.130804, test acc: 0.545611, test avg acc: 0.482058, best test acc: 0.557659
Train 10, loss: 1.550017
Test 10, loss: 2.040283, test acc: 0.567986, test avg acc: 0.497328, best test acc: 0.567986
Train 11, loss: 1.518346
Test 11, loss: 1.999791, test acc: 0.545611, test avg acc: 0.465181, best test acc: 0.567986
Train 12, loss: 1.553477
Test 12, loss: 1.977271, test acc: 0.578313, test avg acc: 0.493669, best test acc: 0.578313
Train 13, loss: 1.523343
Test 13, loss: 2.012452, test acc: 0.593804, test avg acc: 0.533294, best test acc: 0.593804
Train 14, loss: 1.504215
Test 14, loss: 1.947552, test acc: 0.574871, test avg acc: 0.526458, best test acc: 0.593804
Train 15, loss: 1.457169
Test 15, loss: 2.006686, test acc: 0.571429, test avg acc: 0.508067, best test acc: 0.593804
Train 16, loss: 1.454288
Test 16, loss: 2.045566, test acc: 0.581756, test avg acc: 0.522439, best test acc: 0.593804
Train 17, loss: 1.463928
Test 17, loss: 1.988390, test acc: 0.593804, test avg acc: 0.551649, best test acc: 0.593804
Train 18, loss: 1.461493
Test 18, loss: 2.017096, test acc: 0.580034, test avg acc: 0.513043, best test acc: 0.593804
Train 19, loss: 1.461127
Test 19, loss: 1.993548, test acc: 0.600688, test avg acc: 0.551635, best test acc: 0.600688
Train 20, loss: 1.415060
Test 20, loss: 2.065114, test acc: 0.581756, test avg acc: 0.525724, best test acc: 0.600688
Train 21, loss: 1.401237
Test 21, loss: 1.973599, test acc: 0.633391, test avg acc: 0.581784, best test acc: 0.633391
Train 22, loss: 1.414034
Test 22, loss: 1.924196, test acc: 0.612737, test avg acc: 0.558090, best test acc: 0.633391
Train 23, loss: 1.428634
Test 23, loss: 1.971553, test acc: 0.638554, test avg acc: 0.582717, best test acc: 0.638554
Train 24, loss: 1.398474
Test 24, loss: 2.036968, test acc: 0.621343, test avg acc: 0.586318, best test acc: 0.638554
Train 25, loss: 1.405466
Test 25, loss: 1.862993, test acc: 0.648881, test avg acc: 0.601446, best test acc: 0.648881
Train 26, loss: 1.353626
Test 26, loss: 1.962155, test acc: 0.621343, test avg acc: 0.574634, best test acc: 0.648881
Train 27, loss: 1.427067
Test 27, loss: 1.945539, test acc: 0.641997, test avg acc: 0.609317, best test acc: 0.648881
Train 28, loss: 1.355894
Test 28, loss: 1.908386, test acc: 0.641997, test avg acc: 0.603633, best test acc: 0.648881
Train 29, loss: 1.370941
Test 29, loss: 1.977630, test acc: 0.645439, test avg acc: 0.592386, best test acc: 0.648881
Train 30, loss: 1.318363
Test 30, loss: 2.006103, test acc: 0.593804, test avg acc: 0.549279, best test acc: 0.648881
Train 31, loss: 1.364688
Test 31, loss: 2.093137, test acc: 0.578313, test avg acc: 0.548102, best test acc: 0.648881
Train 32, loss: 1.366719
Test 32, loss: 1.960956, test acc: 0.635112, test avg acc: 0.574892, best test acc: 0.648881
Train 33, loss: 1.340742
Test 33, loss: 1.994275, test acc: 0.581756, test avg acc: 0.543872, best test acc: 0.648881
Train 34, loss: 1.350771
Test 34, loss: 1.927383, test acc: 0.635112, test avg acc: 0.595963, best test acc: 0.648881
Train 35, loss: 1.341568
Test 35, loss: 1.894657, test acc: 0.645439, test avg acc: 0.628711, best test acc: 0.648881
Train 36, loss: 1.297172
Test 36, loss: 1.952146, test acc: 0.631670, test avg acc: 0.563445, best test acc: 0.648881
Train 37, loss: 1.315779
Test 37, loss: 1.888349, test acc: 0.602410, test avg acc: 0.541613, best test acc: 0.648881
Train 38, loss: 1.333353
Test 38, loss: 1.899781, test acc: 0.645439, test avg acc: 0.591631, best test acc: 0.648881
Train 39, loss: 1.288529
Test 39, loss: 1.936017, test acc: 0.652324, test avg acc: 0.595321, best test acc: 0.652324
Train 40, loss: 1.289805
Test 40, loss: 1.977584, test acc: 0.628227, test avg acc: 0.589017, best test acc: 0.652324
Train 41, loss: 1.299461
Test 41, loss: 1.949424, test acc: 0.611015, test avg acc: 0.581931, best test acc: 0.652324
Train 42, loss: 1.326531
Test 42, loss: 1.928337, test acc: 0.654045, test avg acc: 0.598464, best test acc: 0.654045
Train 43, loss: 1.244549
Test 43, loss: 1.923031, test acc: 0.645439, test avg acc: 0.595078, best test acc: 0.654045
Train 44, loss: 1.291673
Test 44, loss: 1.950500, test acc: 0.635112, test avg acc: 0.574766, best test acc: 0.654045
Train 45, loss: 1.291412
Test 45, loss: 1.990734, test acc: 0.645439, test avg acc: 0.591392, best test acc: 0.654045
Train 46, loss: 1.298097
Test 46, loss: 1.973690, test acc: 0.657487, test avg acc: 0.612472, best test acc: 0.657487
Train 47, loss: 1.314429
Test 47, loss: 1.897631, test acc: 0.652324, test avg acc: 0.618617, best test acc: 0.657487
Train 48, loss: 1.291535
Test 48, loss: 1.938450, test acc: 0.659208, test avg acc: 0.624808, best test acc: 0.659208
Train 49, loss: 1.284210
Test 49, loss: 1.861779, test acc: 0.685026, test avg acc: 0.632331, best test acc: 0.685026
Train 50, loss: 1.210839
Test 50, loss: 1.987315, test acc: 0.647160, test avg acc: 0.592186, best test acc: 0.685026
Train 51, loss: 1.261923
Test 51, loss: 1.924336, test acc: 0.671256, test avg acc: 0.606323, best test acc: 0.685026
Train 52, loss: 1.253349
Test 52, loss: 1.993415, test acc: 0.669535, test avg acc: 0.627741, best test acc: 0.685026
Train 53, loss: 1.239086
Test 53, loss: 1.954960, test acc: 0.636833, test avg acc: 0.610629, best test acc: 0.685026
Train 54, loss: 1.240642
Test 54, loss: 2.030208, test acc: 0.652324, test avg acc: 0.600876, best test acc: 0.685026
Train 55, loss: 1.212101
Test 55, loss: 1.943207, test acc: 0.647160, test avg acc: 0.600740, best test acc: 0.685026
Train 56, loss: 1.221161
Test 56, loss: 1.931529, test acc: 0.659208, test avg acc: 0.593133, best test acc: 0.685026
Train 57, loss: 1.182052
Test 57, loss: 2.052283, test acc: 0.666093, test avg acc: 0.592837, best test acc: 0.685026
Train 58, loss: 1.218663
Test 58, loss: 2.094279, test acc: 0.641997, test avg acc: 0.571540, best test acc: 0.685026
Train 59, loss: 1.241132
Test 59, loss: 2.005153, test acc: 0.660929, test avg acc: 0.618418, best test acc: 0.685026
Train 60, loss: 1.250116
Test 60, loss: 2.048951, test acc: 0.659208, test avg acc: 0.615179, best test acc: 0.685026
Train 61, loss: 1.244624
Test 61, loss: 2.053294, test acc: 0.662651, test avg acc: 0.628465, best test acc: 0.685026
Train 62, loss: 1.167324
Test 62, loss: 2.031047, test acc: 0.671256, test avg acc: 0.606552, best test acc: 0.685026
Train 63, loss: 1.258675
Test 63, loss: 1.988605, test acc: 0.685026, test avg acc: 0.627282, best test acc: 0.685026
Train 64, loss: 1.208353
Test 64, loss: 1.941158, test acc: 0.681583, test avg acc: 0.631070, best test acc: 0.685026
Train 65, loss: 1.197996
Test 65, loss: 1.977983, test acc: 0.669535, test avg acc: 0.639996, best test acc: 0.685026
Train 66, loss: 1.203045
Test 66, loss: 1.931845, test acc: 0.688468, test avg acc: 0.657490, best test acc: 0.688468
Train 67, loss: 1.155678
Test 67, loss: 1.889637, test acc: 0.679862, test avg acc: 0.640344, best test acc: 0.688468
Train 68, loss: 1.153695
Test 68, loss: 1.948864, test acc: 0.666093, test avg acc: 0.603902, best test acc: 0.688468
Train 69, loss: 1.191221
Test 69, loss: 1.997240, test acc: 0.674699, test avg acc: 0.625084, best test acc: 0.688468
Train 70, loss: 1.161342
Test 70, loss: 1.953294, test acc: 0.664372, test avg acc: 0.630345, best test acc: 0.688468
Train 71, loss: 1.164531
Test 71, loss: 2.011781, test acc: 0.667814, test avg acc: 0.609474, best test acc: 0.688468
Train 72, loss: 1.188247
Test 72, loss: 1.979246, test acc: 0.681583, test avg acc: 0.620623, best test acc: 0.688468
Train 73, loss: 1.194037
Test 73, loss: 1.926713, test acc: 0.709122, test avg acc: 0.672082, best test acc: 0.709122
Train 74, loss: 1.164539
Test 74, loss: 1.981984, test acc: 0.693632, test avg acc: 0.637786, best test acc: 0.709122
Train 75, loss: 1.178815
Test 75, loss: 1.905247, test acc: 0.705680, test avg acc: 0.634075, best test acc: 0.709122
Train 76, loss: 1.171431
Test 76, loss: 2.040568, test acc: 0.679862, test avg acc: 0.632470, best test acc: 0.709122
Train 77, loss: 1.174797
Test 77, loss: 1.898764, test acc: 0.666093, test avg acc: 0.619766, best test acc: 0.709122
Train 78, loss: 1.177810
Test 78, loss: 1.963722, test acc: 0.672978, test avg acc: 0.619620, best test acc: 0.709122
Train 79, loss: 1.136793
Test 79, loss: 1.903490, test acc: 0.702238, test avg acc: 0.647219, best test acc: 0.709122
Train 80, loss: 1.145023
Test 80, loss: 2.117992, test acc: 0.648881, test avg acc: 0.591845, best test acc: 0.709122
Train 81, loss: 1.158488
Test 81, loss: 1.952293, test acc: 0.693632, test avg acc: 0.637698, best test acc: 0.709122
Train 82, loss: 1.127604
Test 82, loss: 2.017939, test acc: 0.686747, test avg acc: 0.653028, best test acc: 0.709122
Train 83, loss: 1.126304
Test 83, loss: 2.027038, test acc: 0.693632, test avg acc: 0.630014, best test acc: 0.709122
Train 84, loss: 1.108003
Test 84, loss: 2.052777, test acc: 0.655766, test avg acc: 0.619461, best test acc: 0.709122
Train 85, loss: 1.126151
Test 85, loss: 1.949687, test acc: 0.690189, test avg acc: 0.648610, best test acc: 0.709122
Train 86, loss: 1.121264
Test 86, loss: 2.024189, test acc: 0.679862, test avg acc: 0.617848, best test acc: 0.709122
Train 87, loss: 1.089005
Test 87, loss: 1.924045, test acc: 0.693632, test avg acc: 0.638616, best test acc: 0.709122
Train 88, loss: 1.131629
Test 88, loss: 2.101028, test acc: 0.650602, test avg acc: 0.588969, best test acc: 0.709122
Train 89, loss: 1.142676
Test 89, loss: 1.979818, test acc: 0.664372, test avg acc: 0.626110, best test acc: 0.709122
Train 90, loss: 1.127055
Test 90, loss: 1.890621, test acc: 0.679862, test avg acc: 0.630272, best test acc: 0.709122
Train 91, loss: 1.092819
Test 91, loss: 1.894264, test acc: 0.703959, test avg acc: 0.650309, best test acc: 0.709122
Train 92, loss: 1.105502
Test 92, loss: 2.004565, test acc: 0.700516, test avg acc: 0.650373, best test acc: 0.709122
Train 93, loss: 1.145920
Test 93, loss: 1.971323, test acc: 0.664372, test avg acc: 0.616136, best test acc: 0.709122
Train 94, loss: 1.144890
Test 94, loss: 1.934230, test acc: 0.691910, test avg acc: 0.639957, best test acc: 0.709122
Train 95, loss: 1.104746
Test 95, loss: 1.888906, test acc: 0.688468, test avg acc: 0.647573, best test acc: 0.709122
Train 96, loss: 1.087671
Test 96, loss: 1.897917, test acc: 0.709122, test avg acc: 0.665671, best test acc: 0.709122
Train 97, loss: 1.069048
Test 97, loss: 2.070688, test acc: 0.654045, test avg acc: 0.599625, best test acc: 0.709122
Train 98, loss: 1.077271
Test 98, loss: 1.963813, test acc: 0.693632, test avg acc: 0.656123, best test acc: 0.709122
Train 99, loss: 1.108063
Test 99, loss: 1.878321, test acc: 0.719449, test avg acc: 0.686601, best test acc: 0.719449
Train 100, loss: 1.079328
Test 100, loss: 1.994465, test acc: 0.691910, test avg acc: 0.655245, best test acc: 0.719449
Train 101, loss: 1.102883
Test 101, loss: 1.936196, test acc: 0.698795, test avg acc: 0.651484, best test acc: 0.719449
Train 102, loss: 1.098297
Test 102, loss: 2.066496, test acc: 0.664372, test avg acc: 0.586450, best test acc: 0.719449
Train 103, loss: 1.117493
Test 103, loss: 1.945749, test acc: 0.676420, test avg acc: 0.634020, best test acc: 0.719449
Train 104, loss: 1.100338
Test 104, loss: 1.971721, test acc: 0.702238, test avg acc: 0.666524, best test acc: 0.719449
Train 105, loss: 1.087212
Test 105, loss: 2.101012, test acc: 0.654045, test avg acc: 0.573128, best test acc: 0.719449
Train 106, loss: 1.095926
Test 106, loss: 2.027207, test acc: 0.662651, test avg acc: 0.617531, best test acc: 0.719449
Train 107, loss: 1.060963
Test 107, loss: 1.963794, test acc: 0.702238, test avg acc: 0.672389, best test acc: 0.719449
Train 108, loss: 1.070582
Test 108, loss: 2.061249, test acc: 0.695353, test avg acc: 0.649936, best test acc: 0.719449
Train 109, loss: 1.054069
Test 109, loss: 2.043753, test acc: 0.698795, test avg acc: 0.660570, best test acc: 0.719449
Train 110, loss: 1.091958
Test 110, loss: 2.022107, test acc: 0.707401, test avg acc: 0.665126, best test acc: 0.719449
Train 111, loss: 1.059094
Test 111, loss: 2.045204, test acc: 0.700516, test avg acc: 0.661657, best test acc: 0.719449
Train 112, loss: 1.028633
Test 112, loss: 1.966580, test acc: 0.705680, test avg acc: 0.674577, best test acc: 0.719449
Train 113, loss: 1.084734
Test 113, loss: 2.054770, test acc: 0.700516, test avg acc: 0.652603, best test acc: 0.719449
Train 114, loss: 1.073856
Test 114, loss: 1.941317, test acc: 0.703959, test avg acc: 0.661496, best test acc: 0.719449
Train 115, loss: 1.078695
Test 115, loss: 2.050247, test acc: 0.700516, test avg acc: 0.658680, best test acc: 0.719449
Train 116, loss: 1.072446
Test 116, loss: 1.970326, test acc: 0.726334, test avg acc: 0.670733, best test acc: 0.726334
Train 117, loss: 1.045578
Test 117, loss: 1.956440, test acc: 0.716007, test avg acc: 0.667114, best test acc: 0.726334
Train 118, loss: 1.068169
Test 118, loss: 2.107973, test acc: 0.698795, test avg acc: 0.653668, best test acc: 0.726334
Train 119, loss: 1.068360
Test 119, loss: 1.987951, test acc: 0.700516, test avg acc: 0.658218, best test acc: 0.726334
Train 120, loss: 1.069288
Test 120, loss: 2.016579, test acc: 0.714286, test avg acc: 0.636635, best test acc: 0.726334
Train 121, loss: 1.058181
Test 121, loss: 1.902032, test acc: 0.719449, test avg acc: 0.672077, best test acc: 0.726334
Train 122, loss: 1.057954
Test 122, loss: 1.921757, test acc: 0.703959, test avg acc: 0.658453, best test acc: 0.726334
Train 123, loss: 1.080493
Test 123, loss: 1.978398, test acc: 0.728055, test avg acc: 0.664015, best test acc: 0.728055
Train 124, loss: 1.048675
Test 124, loss: 1.974823, test acc: 0.700516, test avg acc: 0.645731, best test acc: 0.728055
Train 125, loss: 1.054593
Test 125, loss: 2.013505, test acc: 0.729776, test avg acc: 0.669039, best test acc: 0.729776
Train 126, loss: 1.036053
Test 126, loss: 1.955463, test acc: 0.712565, test avg acc: 0.680451, best test acc: 0.729776
Train 127, loss: 1.004645
Test 127, loss: 2.247453, test acc: 0.690189, test avg acc: 0.650894, best test acc: 0.729776
Train 128, loss: 1.050148
Test 128, loss: 1.999474, test acc: 0.729776, test avg acc: 0.687578, best test acc: 0.729776
Train 129, loss: 1.015800
Test 129, loss: 2.104221, test acc: 0.691910, test avg acc: 0.640264, best test acc: 0.729776
Train 130, loss: 1.047593
Test 130, loss: 2.086584, test acc: 0.719449, test avg acc: 0.660486, best test acc: 0.729776
Train 131, loss: 1.053477
Test 131, loss: 2.171559, test acc: 0.691910, test avg acc: 0.632596, best test acc: 0.729776
Train 132, loss: 0.988995
Test 132, loss: 2.013067, test acc: 0.700516, test avg acc: 0.644661, best test acc: 0.729776
Train 133, loss: 1.028109
Test 133, loss: 2.051043, test acc: 0.697074, test avg acc: 0.650291, best test acc: 0.729776
Train 134, loss: 1.022728
Test 134, loss: 1.990611, test acc: 0.722892, test avg acc: 0.674211, best test acc: 0.729776
Train 135, loss: 1.022075
Test 135, loss: 1.972105, test acc: 0.731497, test avg acc: 0.704983, best test acc: 0.731497
Train 136, loss: 1.029253
Test 136, loss: 2.160686, test acc: 0.667814, test avg acc: 0.601003, best test acc: 0.731497
Train 137, loss: 1.025722
Test 137, loss: 1.957584, test acc: 0.753873, test avg acc: 0.702852, best test acc: 0.753873
Train 138, loss: 1.055598
Test 138, loss: 1.955510, test acc: 0.733219, test avg acc: 0.685859, best test acc: 0.753873
Train 139, loss: 1.014438
Test 139, loss: 2.220967, test acc: 0.693632, test avg acc: 0.629175, best test acc: 0.753873
Train 140, loss: 1.042434
Test 140, loss: 2.062336, test acc: 0.709122, test avg acc: 0.655365, best test acc: 0.753873
Train 141, loss: 1.016484
Test 141, loss: 2.087734, test acc: 0.700516, test avg acc: 0.659825, best test acc: 0.753873
Train 142, loss: 1.032897
Test 142, loss: 1.968492, test acc: 0.691910, test avg acc: 0.631380, best test acc: 0.753873
Train 143, loss: 1.055841
Test 143, loss: 2.069912, test acc: 0.714286, test avg acc: 0.661978, best test acc: 0.753873
Train 144, loss: 0.982811
Test 144, loss: 2.009885, test acc: 0.743546, test avg acc: 0.702765, best test acc: 0.753873
Train 145, loss: 0.995468
Test 145, loss: 1.984338, test acc: 0.734940, test avg acc: 0.704182, best test acc: 0.753873
Train 146, loss: 1.019655
Test 146, loss: 2.130611, test acc: 0.702238, test avg acc: 0.651107, best test acc: 0.753873
Train 147, loss: 1.039811
Test 147, loss: 2.079529, test acc: 0.722892, test avg acc: 0.682237, best test acc: 0.753873
Train 148, loss: 0.997379
Test 148, loss: 1.964854, test acc: 0.741824, test avg acc: 0.692675, best test acc: 0.753873
Train 149, loss: 0.954404
Test 149, loss: 1.999258, test acc: 0.736661, test avg acc: 0.702521, best test acc: 0.753873
Train 150, loss: 1.027606
Test 150, loss: 1.990453, test acc: 0.728055, test avg acc: 0.664001, best test acc: 0.753873
Train 151, loss: 1.023204
Test 151, loss: 1.991587, test acc: 0.741824, test avg acc: 0.693648, best test acc: 0.753873
Train 152, loss: 1.016757
Test 152, loss: 2.048609, test acc: 0.714286, test avg acc: 0.649549, best test acc: 0.753873
Train 153, loss: 0.998508
Test 153, loss: 2.090440, test acc: 0.719449, test avg acc: 0.681372, best test acc: 0.753873
Train 154, loss: 0.993201
Test 154, loss: 2.002588, test acc: 0.722892, test avg acc: 0.683990, best test acc: 0.753873
Train 155, loss: 0.999060
Test 155, loss: 2.024622, test acc: 0.745267, test avg acc: 0.695911, best test acc: 0.753873
Train 156, loss: 0.996490
Test 156, loss: 1.977630, test acc: 0.734940, test avg acc: 0.678405, best test acc: 0.753873
Train 157, loss: 1.004257
Test 157, loss: 2.097727, test acc: 0.719449, test avg acc: 0.678687, best test acc: 0.753873
Train 158, loss: 1.000061
Test 158, loss: 1.954565, test acc: 0.740103, test avg acc: 0.691165, best test acc: 0.753873
Train 159, loss: 0.985794
Test 159, loss: 1.967217, test acc: 0.710843, test avg acc: 0.680194, best test acc: 0.753873
Train 160, loss: 1.005186
Test 160, loss: 2.076421, test acc: 0.700516, test avg acc: 0.674917, best test acc: 0.753873
Train 161, loss: 0.957421
Test 161, loss: 1.949625, test acc: 0.748709, test avg acc: 0.723780, best test acc: 0.753873
Train 162, loss: 0.946749
Test 162, loss: 2.029400, test acc: 0.726334, test avg acc: 0.680136, best test acc: 0.753873
Train 163, loss: 0.990981
Test 163, loss: 2.023584, test acc: 0.736661, test avg acc: 0.690603, best test acc: 0.753873
Train 164, loss: 0.971336
Test 164, loss: 2.087304, test acc: 0.716007, test avg acc: 0.667964, best test acc: 0.753873
Train 165, loss: 1.013925
Test 165, loss: 2.041068, test acc: 0.726334, test avg acc: 0.678934, best test acc: 0.753873
Train 166, loss: 1.013160
Test 166, loss: 2.070719, test acc: 0.714286, test avg acc: 0.665391, best test acc: 0.753873
Train 167, loss: 0.960942
Test 167, loss: 2.049893, test acc: 0.726334, test avg acc: 0.678308, best test acc: 0.753873
Train 168, loss: 0.982466
Test 168, loss: 2.030455, test acc: 0.728055, test avg acc: 0.665378, best test acc: 0.753873
Train 169, loss: 1.025635
Test 169, loss: 1.961030, test acc: 0.728055, test avg acc: 0.700830, best test acc: 0.753873
Train 170, loss: 0.929179
Test 170, loss: 2.003713, test acc: 0.728055, test avg acc: 0.690518, best test acc: 0.753873
Train 171, loss: 0.972447
Test 171, loss: 2.018175, test acc: 0.738382, test avg acc: 0.699709, best test acc: 0.753873
Train 172, loss: 0.942038
Test 172, loss: 2.024238, test acc: 0.721170, test avg acc: 0.683057, best test acc: 0.753873
Train 173, loss: 0.931930
Test 173, loss: 1.962907, test acc: 0.753873, test avg acc: 0.716892, best test acc: 0.753873
Train 174, loss: 0.988294
Test 174, loss: 2.081997, test acc: 0.719449, test avg acc: 0.659452, best test acc: 0.753873
Train 175, loss: 0.962715
Test 175, loss: 2.041278, test acc: 0.745267, test avg acc: 0.703307, best test acc: 0.753873
Train 176, loss: 0.958258
Test 176, loss: 2.002785, test acc: 0.721170, test avg acc: 0.670759, best test acc: 0.753873
Train 177, loss: 0.955881
Test 177, loss: 1.962648, test acc: 0.740103, test avg acc: 0.709190, best test acc: 0.753873
Train 178, loss: 0.962668
Test 178, loss: 2.018334, test acc: 0.757315, test avg acc: 0.724364, best test acc: 0.757315
Train 179, loss: 0.951983
Test 179, loss: 1.997549, test acc: 0.721170, test avg acc: 0.661689, best test acc: 0.757315
Train 180, loss: 0.895219
Test 180, loss: 2.048418, test acc: 0.743546, test avg acc: 0.710429, best test acc: 0.757315
Train 181, loss: 0.969518
Test 181, loss: 2.011158, test acc: 0.709122, test avg acc: 0.678553, best test acc: 0.757315
Train 182, loss: 0.976401
Test 182, loss: 2.127518, test acc: 0.741824, test avg acc: 0.711594, best test acc: 0.757315
Train 183, loss: 0.986221
Test 183, loss: 2.064098, test acc: 0.738382, test avg acc: 0.701834, best test acc: 0.757315
Train 184, loss: 1.006560
Test 184, loss: 2.020623, test acc: 0.753873, test avg acc: 0.721027, best test acc: 0.757315
Train 185, loss: 0.954676
Test 185, loss: 1.984540, test acc: 0.736661, test avg acc: 0.685607, best test acc: 0.757315
Train 186, loss: 0.949086
Test 186, loss: 2.060781, test acc: 0.748709, test avg acc: 0.721733, best test acc: 0.757315
Train 187, loss: 0.958351
Test 187, loss: 1.988705, test acc: 0.726334, test avg acc: 0.676768, best test acc: 0.757315
Train 188, loss: 0.940394
Test 188, loss: 2.043478, test acc: 0.762478, test avg acc: 0.724787, best test acc: 0.762478
Train 189, loss: 0.942909
Test 189, loss: 2.003280, test acc: 0.746988, test avg acc: 0.721920, best test acc: 0.762478
Train 190, loss: 0.909130
Test 190, loss: 2.052637, test acc: 0.740103, test avg acc: 0.702307, best test acc: 0.762478
Train 191, loss: 0.956918
Test 191, loss: 2.286408, test acc: 0.685026, test avg acc: 0.621367, best test acc: 0.762478
Train 192, loss: 0.933510
Test 192, loss: 2.236585, test acc: 0.705680, test avg acc: 0.643004, best test acc: 0.762478
Train 193, loss: 0.958908
Test 193, loss: 2.060811, test acc: 0.734940, test avg acc: 0.683617, best test acc: 0.762478
Train 194, loss: 0.945719
Test 194, loss: 2.009094, test acc: 0.729776, test avg acc: 0.696012, best test acc: 0.762478
Train 195, loss: 0.930360
Test 195, loss: 2.118678, test acc: 0.709122, test avg acc: 0.669625, best test acc: 0.762478
Train 196, loss: 0.938687
Test 196, loss: 2.091352, test acc: 0.750430, test avg acc: 0.697158, best test acc: 0.762478
Train 197, loss: 0.917406
Test 197, loss: 2.089487, test acc: 0.736661, test avg acc: 0.701059, best test acc: 0.762478
Train 198, loss: 0.942141
Test 198, loss: 2.145601, test acc: 0.745267, test avg acc: 0.702708, best test acc: 0.762478
Train 199, loss: 0.939675
Test 199, loss: 2.034820, test acc: 0.741824, test avg acc: 0.697080, best test acc: 0.762478
Train 200, loss: 0.919236
Test 200, loss: 2.084831, test acc: 0.743546, test avg acc: 0.686752, best test acc: 0.762478
Train 201, loss: 0.949525
Test 201, loss: 2.123424, test acc: 0.745267, test avg acc: 0.708732, best test acc: 0.762478
Train 202, loss: 0.958063
Test 202, loss: 2.056712, test acc: 0.738382, test avg acc: 0.695078, best test acc: 0.762478
Train 203, loss: 0.912654
Test 203, loss: 1.996140, test acc: 0.741824, test avg acc: 0.706449, best test acc: 0.762478
Train 204, loss: 0.930774
Test 204, loss: 2.135613, test acc: 0.702238, test avg acc: 0.651368, best test acc: 0.762478
Train 205, loss: 0.962936
Test 205, loss: 2.071102, test acc: 0.722892, test avg acc: 0.676745, best test acc: 0.762478
Train 206, loss: 0.911462
Test 206, loss: 2.030852, test acc: 0.722892, test avg acc: 0.687278, best test acc: 0.762478
Train 207, loss: 0.960065
Test 207, loss: 2.117637, test acc: 0.712565, test avg acc: 0.676001, best test acc: 0.762478
Train 208, loss: 0.906936
Test 208, loss: 2.068300, test acc: 0.741824, test avg acc: 0.692147, best test acc: 0.762478
Train 209, loss: 0.899887
Test 209, loss: 2.120029, test acc: 0.753873, test avg acc: 0.712235, best test acc: 0.762478
Train 210, loss: 0.965364
Test 210, loss: 2.080985, test acc: 0.746988, test avg acc: 0.692327, best test acc: 0.762478
Train 211, loss: 0.902621
Test 211, loss: 2.152426, test acc: 0.734940, test avg acc: 0.682848, best test acc: 0.762478
Train 212, loss: 0.944128
Test 212, loss: 2.021860, test acc: 0.721170, test avg acc: 0.665604, best test acc: 0.762478
Train 213, loss: 0.925734
Test 213, loss: 2.118840, test acc: 0.745267, test avg acc: 0.699406, best test acc: 0.762478
Train 214, loss: 0.921213
Test 214, loss: 2.165779, test acc: 0.729776, test avg acc: 0.685421, best test acc: 0.762478
Train 215, loss: 0.912196
Test 215, loss: 2.113283, test acc: 0.740103, test avg acc: 0.675977, best test acc: 0.762478
Train 216, loss: 0.897493
Test 216, loss: 2.147438, test acc: 0.729776, test avg acc: 0.712703, best test acc: 0.762478
Train 217, loss: 0.905069
Test 217, loss: 2.090080, test acc: 0.697074, test avg acc: 0.638468, best test acc: 0.762478
Train 218, loss: 0.948386
Test 218, loss: 2.088662, test acc: 0.753873, test avg acc: 0.708088, best test acc: 0.762478
Train 219, loss: 0.879010
Test 219, loss: 2.065471, test acc: 0.745267, test avg acc: 0.707604, best test acc: 0.762478
Train 220, loss: 0.901700
Test 220, loss: 2.152739, test acc: 0.691910, test avg acc: 0.655692, best test acc: 0.762478
Train 221, loss: 0.916368
Test 221, loss: 2.155124, test acc: 0.703959, test avg acc: 0.679294, best test acc: 0.762478
Train 222, loss: 0.918112
Test 222, loss: 2.075701, test acc: 0.745267, test avg acc: 0.696635, best test acc: 0.762478
Train 223, loss: 0.889674
Test 223, loss: 2.068029, test acc: 0.752151, test avg acc: 0.714273, best test acc: 0.762478
Train 224, loss: 0.887842
Test 224, loss: 2.037215, test acc: 0.748709, test avg acc: 0.713897, best test acc: 0.762478
Train 225, loss: 0.919265
Test 225, loss: 2.143578, test acc: 0.729776, test avg acc: 0.693706, best test acc: 0.762478
Train 226, loss: 0.955708
Test 226, loss: 2.002304, test acc: 0.740103, test avg acc: 0.696424, best test acc: 0.762478
Train 227, loss: 0.902836
Test 227, loss: 2.109198, test acc: 0.738382, test avg acc: 0.701547, best test acc: 0.762478
Train 228, loss: 0.890218
Test 228, loss: 2.053836, test acc: 0.736661, test avg acc: 0.691242, best test acc: 0.762478
Train 229, loss: 0.919787
Test 229, loss: 2.054482, test acc: 0.741824, test avg acc: 0.693951, best test acc: 0.762478
Train 230, loss: 0.878561
Test 230, loss: 2.082252, test acc: 0.724613, test avg acc: 0.676618, best test acc: 0.762478
Train 231, loss: 0.874677
Test 231, loss: 2.141389, test acc: 0.733219, test avg acc: 0.682972, best test acc: 0.762478
Train 232, loss: 0.891647
Test 232, loss: 2.067609, test acc: 0.741824, test avg acc: 0.700777, best test acc: 0.762478
Train 233, loss: 0.872828
Test 233, loss: 2.076689, test acc: 0.736661, test avg acc: 0.709810, best test acc: 0.762478
Train 234, loss: 0.862540
Test 234, loss: 2.202467, test acc: 0.722892, test avg acc: 0.676761, best test acc: 0.762478
Train 235, loss: 0.880200
Test 235, loss: 2.053856, test acc: 0.745267, test avg acc: 0.703107, best test acc: 0.762478
Train 236, loss: 0.896230
Test 236, loss: 2.060504, test acc: 0.771084, test avg acc: 0.731569, best test acc: 0.771084
Train 237, loss: 0.857425
Test 237, loss: 2.035922, test acc: 0.759036, test avg acc: 0.718210, best test acc: 0.771084
Train 238, loss: 0.859159
Test 238, loss: 2.015274, test acc: 0.740103, test avg acc: 0.697261, best test acc: 0.771084
Train 239, loss: 0.925842
Test 239, loss: 2.102954, test acc: 0.719449, test avg acc: 0.692412, best test acc: 0.771084
Train 240, loss: 0.856703
Test 240, loss: 2.186633, test acc: 0.729776, test avg acc: 0.684004, best test acc: 0.771084
Train 241, loss: 0.914678
Test 241, loss: 2.060989, test acc: 0.736661, test avg acc: 0.703430, best test acc: 0.771084
Train 242, loss: 0.877169
Test 242, loss: 2.012160, test acc: 0.765921, test avg acc: 0.732982, best test acc: 0.771084
Train 243, loss: 0.832261
Test 243, loss: 2.182337, test acc: 0.719449, test avg acc: 0.679888, best test acc: 0.771084
Train 244, loss: 0.870788
Test 244, loss: 2.105834, test acc: 0.734940, test avg acc: 0.703253, best test acc: 0.771084
Train 245, loss: 0.910786
Test 245, loss: 2.092625, test acc: 0.736661, test avg acc: 0.688763, best test acc: 0.771084
Train 246, loss: 0.916027
Test 246, loss: 2.015387, test acc: 0.753873, test avg acc: 0.716925, best test acc: 0.771084
Train 247, loss: 0.941988
Test 247, loss: 2.108846, test acc: 0.734940, test avg acc: 0.692062, best test acc: 0.771084
Train 248, loss: 0.886277
Test 248, loss: 2.173219, test acc: 0.760757, test avg acc: 0.702672, best test acc: 0.771084
Train 249, loss: 0.883604
Test 249, loss: 2.128993, test acc: 0.734940, test avg acc: 0.688919, best test acc: 0.771084
Train 250, loss: 0.872749
Test 250, loss: 2.070313, test acc: 0.746988, test avg acc: 0.695433, best test acc: 0.771084
Train 251, loss: 0.863919
Test 251, loss: 2.151841, test acc: 0.734940, test avg acc: 0.687028, best test acc: 0.771084
Train 252, loss: 0.888485
Test 252, loss: 2.114100, test acc: 0.726334, test avg acc: 0.669911, best test acc: 0.771084
Train 253, loss: 0.843010
Test 253, loss: 2.151590, test acc: 0.734940, test avg acc: 0.686367, best test acc: 0.771084
Train 254, loss: 0.889377
Test 254, loss: 2.097447, test acc: 0.726334, test avg acc: 0.690635, best test acc: 0.771084
Train 255, loss: 0.835086
Test 255, loss: 2.053137, test acc: 0.743546, test avg acc: 0.701893, best test acc: 0.771084
Train 256, loss: 0.835112
Test 256, loss: 2.077736, test acc: 0.743546, test avg acc: 0.695819, best test acc: 0.771084
Train 257, loss: 0.855937
Test 257, loss: 2.156746, test acc: 0.738382, test avg acc: 0.686074, best test acc: 0.771084
Train 258, loss: 0.892220
Test 258, loss: 2.143510, test acc: 0.729776, test avg acc: 0.676418, best test acc: 0.771084
Train 259, loss: 0.858410
Test 259, loss: 2.083538, test acc: 0.752151, test avg acc: 0.714332, best test acc: 0.771084
Train 260, loss: 0.853307
Test 260, loss: 2.147606, test acc: 0.743546, test avg acc: 0.705310, best test acc: 0.771084
Train 261, loss: 0.829434
Test 261, loss: 2.067561, test acc: 0.729776, test avg acc: 0.719371, best test acc: 0.771084
Train 262, loss: 0.843216
Test 262, loss: 2.006261, test acc: 0.722892, test avg acc: 0.714395, best test acc: 0.771084
Train 263, loss: 0.852747
Test 263, loss: 2.016382, test acc: 0.748709, test avg acc: 0.719993, best test acc: 0.771084
Train 264, loss: 0.859766
Test 264, loss: 2.112206, test acc: 0.748709, test avg acc: 0.703955, best test acc: 0.771084
Train 265, loss: 0.843042
Test 265, loss: 2.103332, test acc: 0.738382, test avg acc: 0.697389, best test acc: 0.771084
Train 266, loss: 0.832410
Test 266, loss: 2.158572, test acc: 0.741824, test avg acc: 0.700962, best test acc: 0.771084
Train 267, loss: 0.884834
Test 267, loss: 2.099815, test acc: 0.746988, test avg acc: 0.720446, best test acc: 0.771084
Train 268, loss: 0.873937
Test 268, loss: 2.166415, test acc: 0.722892, test avg acc: 0.683072, best test acc: 0.771084
Train 269, loss: 0.875955
Test 269, loss: 2.138552, test acc: 0.755594, test avg acc: 0.728221, best test acc: 0.771084
Train 270, loss: 0.829737
Test 270, loss: 2.030272, test acc: 0.753873, test avg acc: 0.722445, best test acc: 0.771084
Train 271, loss: 0.864445
Test 271, loss: 2.225448, test acc: 0.734940, test avg acc: 0.691840, best test acc: 0.771084
Train 272, loss: 0.849016
Test 272, loss: 2.165361, test acc: 0.740103, test avg acc: 0.710978, best test acc: 0.771084
Train 273, loss: 0.859164
Test 273, loss: 2.075470, test acc: 0.731497, test avg acc: 0.699685, best test acc: 0.771084
Train 274, loss: 0.862248
Test 274, loss: 2.241346, test acc: 0.716007, test avg acc: 0.672662, best test acc: 0.771084
Train 275, loss: 0.841124
Test 275, loss: 2.217501, test acc: 0.764200, test avg acc: 0.710025, best test acc: 0.771084
Train 276, loss: 0.856884
Test 276, loss: 2.080269, test acc: 0.724613, test avg acc: 0.680043, best test acc: 0.771084
Train 277, loss: 0.814235
Test 277, loss: 2.117173, test acc: 0.721170, test avg acc: 0.691426, best test acc: 0.771084
Train 278, loss: 0.844696
Test 278, loss: 2.023192, test acc: 0.746988, test avg acc: 0.693480, best test acc: 0.771084
Train 279, loss: 0.851281
Test 279, loss: 2.139430, test acc: 0.736661, test avg acc: 0.693792, best test acc: 0.771084
Train 280, loss: 0.841280
Test 280, loss: 2.167496, test acc: 0.755594, test avg acc: 0.708617, best test acc: 0.771084
Train 281, loss: 0.871161
Test 281, loss: 2.102095, test acc: 0.762478, test avg acc: 0.721473, best test acc: 0.771084
Train 282, loss: 0.855132
Test 282, loss: 2.091411, test acc: 0.748709, test avg acc: 0.730262, best test acc: 0.771084
Train 283, loss: 0.841618
Test 283, loss: 2.091525, test acc: 0.750430, test avg acc: 0.717412, best test acc: 0.771084
Train 284, loss: 0.843843
Test 284, loss: 2.122875, test acc: 0.740103, test avg acc: 0.719483, best test acc: 0.771084
Train 285, loss: 0.839306
Test 285, loss: 2.187525, test acc: 0.748709, test avg acc: 0.691869, best test acc: 0.771084
Train 286, loss: 0.818937
Test 286, loss: 2.047017, test acc: 0.760757, test avg acc: 0.736786, best test acc: 0.771084
Train 287, loss: 0.820626
Test 287, loss: 2.193418, test acc: 0.746988, test avg acc: 0.702131, best test acc: 0.771084
Train 288, loss: 0.836473
Test 288, loss: 2.137066, test acc: 0.757315, test avg acc: 0.729445, best test acc: 0.771084
Train 289, loss: 0.834322
Test 289, loss: 2.118221, test acc: 0.733219, test avg acc: 0.688893, best test acc: 0.771084
Train 290, loss: 0.838558
Test 290, loss: 2.141455, test acc: 0.722892, test avg acc: 0.683051, best test acc: 0.771084
Train 291, loss: 0.873264
Test 291, loss: 2.203071, test acc: 0.748709, test avg acc: 0.697835, best test acc: 0.771084
Train 292, loss: 0.835130
Test 292, loss: 2.154132, test acc: 0.743546, test avg acc: 0.700615, best test acc: 0.771084
Train 293, loss: 0.810342
Test 293, loss: 2.076407, test acc: 0.771084, test avg acc: 0.735982, best test acc: 0.771084
Train 294, loss: 0.842302
Test 294, loss: 2.093732, test acc: 0.724613, test avg acc: 0.695978, best test acc: 0.771084
Train 295, loss: 0.861858
Test 295, loss: 2.234347, test acc: 0.734940, test avg acc: 0.696088, best test acc: 0.771084
Train 296, loss: 0.817230
Test 296, loss: 2.156732, test acc: 0.719449, test avg acc: 0.669606, best test acc: 0.771084
Train 297, loss: 0.824408
Test 297, loss: 2.144979, test acc: 0.762478, test avg acc: 0.726557, best test acc: 0.771084
Train 298, loss: 0.821492
Test 298, loss: 2.122687, test acc: 0.769363, test avg acc: 0.721929, best test acc: 0.771084
Train 299, loss: 0.820735
Test 299, loss: 2.069136, test acc: 0.760757, test avg acc: 0.720103, best test acc: 0.771084
Train 300, loss: 0.794045
Test 300, loss: 2.102989, test acc: 0.746988, test avg acc: 0.687594, best test acc: 0.771084
Train 301, loss: 0.845347
Test 301, loss: 2.127796, test acc: 0.728055, test avg acc: 0.694520, best test acc: 0.771084
Train 302, loss: 0.830750
Test 302, loss: 2.179695, test acc: 0.740103, test avg acc: 0.704863, best test acc: 0.771084
Train 303, loss: 0.797453
Test 303, loss: 2.154027, test acc: 0.741824, test avg acc: 0.690516, best test acc: 0.771084
Train 304, loss: 0.809583
Test 304, loss: 2.126499, test acc: 0.740103, test avg acc: 0.704379, best test acc: 0.771084
Train 305, loss: 0.840086
Test 305, loss: 2.248262, test acc: 0.736661, test avg acc: 0.698898, best test acc: 0.771084
Train 306, loss: 0.801173
Test 306, loss: 2.278223, test acc: 0.726334, test avg acc: 0.677445, best test acc: 0.771084
Train 307, loss: 0.811684
Test 307, loss: 2.108382, test acc: 0.750430, test avg acc: 0.714286, best test acc: 0.771084
Train 308, loss: 0.833665
Test 308, loss: 2.196436, test acc: 0.762478, test avg acc: 0.715464, best test acc: 0.771084
Train 309, loss: 0.831807
Test 309, loss: 2.101366, test acc: 0.743546, test avg acc: 0.714038, best test acc: 0.771084
Train 310, loss: 0.816671
Test 310, loss: 2.269205, test acc: 0.717728, test avg acc: 0.677709, best test acc: 0.771084
Train 311, loss: 0.841214
Test 311, loss: 2.066353, test acc: 0.767642, test avg acc: 0.734969, best test acc: 0.771084
Train 312, loss: 0.809684
Test 312, loss: 2.208289, test acc: 0.755594, test avg acc: 0.712308, best test acc: 0.771084
Train 313, loss: 0.838517
Test 313, loss: 2.203106, test acc: 0.729776, test avg acc: 0.683738, best test acc: 0.771084
Train 314, loss: 0.820811
Test 314, loss: 2.132472, test acc: 0.748709, test avg acc: 0.711421, best test acc: 0.771084
Train 315, loss: 0.865368
Test 315, loss: 2.115152, test acc: 0.734940, test avg acc: 0.698355, best test acc: 0.771084
Train 316, loss: 0.824491
Test 316, loss: 1.981090, test acc: 0.772806, test avg acc: 0.737868, best test acc: 0.772806
Train 317, loss: 0.823958
Test 317, loss: 2.116875, test acc: 0.755594, test avg acc: 0.729124, best test acc: 0.772806
Train 318, loss: 0.805393
Test 318, loss: 2.226516, test acc: 0.750430, test avg acc: 0.721646, best test acc: 0.772806
Train 319, loss: 0.809752
Test 319, loss: 2.188613, test acc: 0.738382, test avg acc: 0.695615, best test acc: 0.772806
Train 320, loss: 0.841743
Test 320, loss: 2.021359, test acc: 0.741824, test avg acc: 0.698873, best test acc: 0.772806
Train 321, loss: 0.806898
Test 321, loss: 2.156769, test acc: 0.764200, test avg acc: 0.719457, best test acc: 0.772806
Train 322, loss: 0.821398
Test 322, loss: 2.200021, test acc: 0.741824, test avg acc: 0.697111, best test acc: 0.772806
Train 323, loss: 0.837838
Test 323, loss: 2.161635, test acc: 0.746988, test avg acc: 0.717845, best test acc: 0.772806
Train 324, loss: 0.805100
Test 324, loss: 2.131104, test acc: 0.750430, test avg acc: 0.715951, best test acc: 0.772806
Train 325, loss: 0.823841
Test 325, loss: 2.210644, test acc: 0.755594, test avg acc: 0.700051, best test acc: 0.772806
Train 326, loss: 0.796858
Test 326, loss: 2.241407, test acc: 0.719449, test avg acc: 0.694355, best test acc: 0.772806
Train 327, loss: 0.798911
Test 327, loss: 2.216321, test acc: 0.752151, test avg acc: 0.705200, best test acc: 0.772806
Train 328, loss: 0.784932
Test 328, loss: 2.156779, test acc: 0.746988, test avg acc: 0.712744, best test acc: 0.772806
Train 329, loss: 0.817766
Test 329, loss: 2.229183, test acc: 0.717728, test avg acc: 0.691325, best test acc: 0.772806
Train 330, loss: 0.810199
Test 330, loss: 2.180097, test acc: 0.781411, test avg acc: 0.751797, best test acc: 0.781411
Train 331, loss: 0.806302
Test 331, loss: 2.163050, test acc: 0.745267, test avg acc: 0.720282, best test acc: 0.781411
Train 332, loss: 0.835518
Test 332, loss: 2.224888, test acc: 0.755594, test avg acc: 0.712835, best test acc: 0.781411
Train 333, loss: 0.785957
Test 333, loss: 2.249807, test acc: 0.745267, test avg acc: 0.704738, best test acc: 0.781411
Train 334, loss: 0.788907
Test 334, loss: 2.257857, test acc: 0.734940, test avg acc: 0.677872, best test acc: 0.781411
Train 335, loss: 0.803943
Test 335, loss: 2.179346, test acc: 0.760757, test avg acc: 0.724917, best test acc: 0.781411
Train 336, loss: 0.797631
Test 336, loss: 2.223917, test acc: 0.757315, test avg acc: 0.727533, best test acc: 0.781411
Train 337, loss: 0.785919
Test 337, loss: 2.161698, test acc: 0.728055, test avg acc: 0.695315, best test acc: 0.781411
Train 338, loss: 0.802572
Test 338, loss: 2.065052, test acc: 0.748709, test avg acc: 0.713744, best test acc: 0.781411
Train 339, loss: 0.825153
Test 339, loss: 2.092927, test acc: 0.753873, test avg acc: 0.725875, best test acc: 0.781411
Train 340, loss: 0.825202
Test 340, loss: 2.009393, test acc: 0.764200, test avg acc: 0.727550, best test acc: 0.781411
Train 341, loss: 0.788541
Test 341, loss: 2.124384, test acc: 0.743546, test avg acc: 0.720266, best test acc: 0.781411
Train 342, loss: 0.789484
Test 342, loss: 2.109632, test acc: 0.757315, test avg acc: 0.733032, best test acc: 0.781411
Train 343, loss: 0.798548
Test 343, loss: 2.343285, test acc: 0.745267, test avg acc: 0.687998, best test acc: 0.781411
Train 344, loss: 0.769756
Test 344, loss: 2.153397, test acc: 0.733219, test avg acc: 0.701438, best test acc: 0.781411
Train 345, loss: 0.815818
Test 345, loss: 2.088482, test acc: 0.757315, test avg acc: 0.735010, best test acc: 0.781411
Train 346, loss: 0.819686
Test 346, loss: 2.320362, test acc: 0.724613, test avg acc: 0.679471, best test acc: 0.781411
Train 347, loss: 0.817957
Test 347, loss: 2.105749, test acc: 0.733219, test avg acc: 0.685904, best test acc: 0.781411
Train 348, loss: 0.814883
Test 348, loss: 2.132583, test acc: 0.762478, test avg acc: 0.719460, best test acc: 0.781411
Train 349, loss: 0.754754
Test 349, loss: 1.982289, test acc: 0.764200, test avg acc: 0.746060, best test acc: 0.781411
Train 350, loss: 0.801715
Test 350, loss: 2.146159, test acc: 0.771084, test avg acc: 0.729683, best test acc: 0.781411
Train 351, loss: 0.780863
Test 351, loss: 2.292886, test acc: 0.738382, test avg acc: 0.687727, best test acc: 0.781411
Train 352, loss: 0.784833
Test 352, loss: 2.201434, test acc: 0.746988, test avg acc: 0.711009, best test acc: 0.781411
Train 353, loss: 0.812485
Test 353, loss: 2.214859, test acc: 0.746988, test avg acc: 0.716287, best test acc: 0.781411
Train 354, loss: 0.798804
Test 354, loss: 2.245240, test acc: 0.726334, test avg acc: 0.696331, best test acc: 0.781411
Train 355, loss: 0.775166
Test 355, loss: 2.155153, test acc: 0.736661, test avg acc: 0.691292, best test acc: 0.781411
Train 356, loss: 0.780496
Test 356, loss: 2.117910, test acc: 0.722892, test avg acc: 0.702943, best test acc: 0.781411
Train 357, loss: 0.787638
Test 357, loss: 2.156259, test acc: 0.759036, test avg acc: 0.713671, best test acc: 0.781411
Train 358, loss: 0.798406
Test 358, loss: 2.180066, test acc: 0.753873, test avg acc: 0.728930, best test acc: 0.781411
Train 359, loss: 0.826327
Test 359, loss: 1.996442, test acc: 0.738382, test avg acc: 0.708376, best test acc: 0.781411
Train 360, loss: 0.773385
Test 360, loss: 2.201176, test acc: 0.738382, test avg acc: 0.704866, best test acc: 0.781411
Train 361, loss: 0.799007
Test 361, loss: 2.148415, test acc: 0.765921, test avg acc: 0.726256, best test acc: 0.781411
Train 362, loss: 0.806677
Test 362, loss: 2.170912, test acc: 0.736661, test avg acc: 0.701177, best test acc: 0.781411
Train 363, loss: 0.775772
Test 363, loss: 2.168574, test acc: 0.746988, test avg acc: 0.710122, best test acc: 0.781411
Train 364, loss: 0.794606
Test 364, loss: 2.160722, test acc: 0.731497, test avg acc: 0.692658, best test acc: 0.781411
Train 365, loss: 0.800180
Test 365, loss: 2.214348, test acc: 0.738382, test avg acc: 0.699175, best test acc: 0.781411
Train 366, loss: 0.782295
Test 366, loss: 2.172323, test acc: 0.748709, test avg acc: 0.710271, best test acc: 0.781411
Train 367, loss: 0.782860
Test 367, loss: 2.140851, test acc: 0.762478, test avg acc: 0.714981, best test acc: 0.781411
Train 368, loss: 0.790073
Test 368, loss: 2.187006, test acc: 0.741824, test avg acc: 0.701712, best test acc: 0.781411
Train 369, loss: 0.782849
Test 369, loss: 2.189588, test acc: 0.741824, test avg acc: 0.690035, best test acc: 0.781411
Train 370, loss: 0.763615
Test 370, loss: 2.035534, test acc: 0.752151, test avg acc: 0.706781, best test acc: 0.781411
Train 371, loss: 0.808725
Test 371, loss: 2.136315, test acc: 0.736661, test avg acc: 0.710888, best test acc: 0.781411
Train 372, loss: 0.744493
Test 372, loss: 2.154563, test acc: 0.743546, test avg acc: 0.703627, best test acc: 0.781411
Train 373, loss: 0.743899
Test 373, loss: 2.206911, test acc: 0.743546, test avg acc: 0.690216, best test acc: 0.781411
Train 374, loss: 0.748483
Test 374, loss: 2.124092, test acc: 0.746988, test avg acc: 0.700417, best test acc: 0.781411
Train 375, loss: 0.792712
Test 375, loss: 2.153817, test acc: 0.746988, test avg acc: 0.713281, best test acc: 0.781411
Train 376, loss: 0.782619
Test 376, loss: 2.264977, test acc: 0.738382, test avg acc: 0.713531, best test acc: 0.781411
Train 377, loss: 0.815185
Test 377, loss: 2.152140, test acc: 0.753873, test avg acc: 0.706549, best test acc: 0.781411
Train 378, loss: 0.769981
Test 378, loss: 2.229388, test acc: 0.750430, test avg acc: 0.707529, best test acc: 0.781411
Train 379, loss: 0.780786
Test 379, loss: 2.247868, test acc: 0.728055, test avg acc: 0.680166, best test acc: 0.781411
Train 380, loss: 0.799173
Test 380, loss: 2.181213, test acc: 0.760757, test avg acc: 0.723127, best test acc: 0.781411
Train 381, loss: 0.787066
Test 381, loss: 2.129312, test acc: 0.764200, test avg acc: 0.717529, best test acc: 0.781411
Train 382, loss: 0.757378
Test 382, loss: 2.153912, test acc: 0.734940, test avg acc: 0.703036, best test acc: 0.781411
Train 383, loss: 0.809378
Test 383, loss: 2.151069, test acc: 0.767642, test avg acc: 0.709418, best test acc: 0.781411
Train 384, loss: 0.807612
Test 384, loss: 2.158246, test acc: 0.755594, test avg acc: 0.696416, best test acc: 0.781411
Train 385, loss: 0.785249
Test 385, loss: 2.131285, test acc: 0.764200, test avg acc: 0.710289, best test acc: 0.781411
Train 386, loss: 0.789343
Test 386, loss: 2.086844, test acc: 0.746988, test avg acc: 0.710875, best test acc: 0.781411
Train 387, loss: 0.744757
Test 387, loss: 2.192368, test acc: 0.752151, test avg acc: 0.713740, best test acc: 0.781411
Train 388, loss: 0.774386
Test 388, loss: 2.103221, test acc: 0.759036, test avg acc: 0.715161, best test acc: 0.781411
Train 389, loss: 0.771591
Test 389, loss: 2.176543, test acc: 0.716007, test avg acc: 0.669071, best test acc: 0.781411
Train 390, loss: 0.765639
Test 390, loss: 2.195677, test acc: 0.757315, test avg acc: 0.710384, best test acc: 0.781411
Train 391, loss: 0.758177
Test 391, loss: 2.182663, test acc: 0.734940, test avg acc: 0.707118, best test acc: 0.781411
Train 392, loss: 0.775022
Test 392, loss: 2.095816, test acc: 0.757315, test avg acc: 0.717964, best test acc: 0.781411
Train 393, loss: 0.761377
Test 393, loss: 2.249310, test acc: 0.738382, test avg acc: 0.677148, best test acc: 0.781411
Train 394, loss: 0.772090
Test 394, loss: 2.202014, test acc: 0.762478, test avg acc: 0.716271, best test acc: 0.781411
Train 395, loss: 0.778041
Test 395, loss: 2.055640, test acc: 0.764200, test avg acc: 0.746160, best test acc: 0.781411
Train 396, loss: 0.772157
Test 396, loss: 2.297890, test acc: 0.753873, test avg acc: 0.692743, best test acc: 0.781411
Train 397, loss: 0.771774
Test 397, loss: 2.180226, test acc: 0.771084, test avg acc: 0.727325, best test acc: 0.781411
Train 398, loss: 0.735953
Test 398, loss: 2.122851, test acc: 0.757315, test avg acc: 0.704512, best test acc: 0.781411
Train 399, loss: 0.792230
Test 399, loss: 2.152106, test acc: 0.753873, test avg acc: 0.714103, best test acc: 0.781411
Train 400, loss: 0.782810
Test 400, loss: 2.164410, test acc: 0.746988, test avg acc: 0.692924, best test acc: 0.781411
Train 401, loss: 0.777087
Test 401, loss: 2.132149, test acc: 0.743546, test avg acc: 0.698621, best test acc: 0.781411
Train 402, loss: 0.781638
Test 402, loss: 2.173159, test acc: 0.752151, test avg acc: 0.700367, best test acc: 0.781411
Train 403, loss: 0.802774
Test 403, loss: 2.245691, test acc: 0.748709, test avg acc: 0.720432, best test acc: 0.781411
Train 404, loss: 0.767868
Test 404, loss: 2.229406, test acc: 0.734940, test avg acc: 0.692801, best test acc: 0.781411
Train 405, loss: 0.763278
Test 405, loss: 2.151012, test acc: 0.759036, test avg acc: 0.719507, best test acc: 0.781411
Train 406, loss: 0.749837
Test 406, loss: 2.146945, test acc: 0.759036, test avg acc: 0.717903, best test acc: 0.781411
Train 407, loss: 0.738101
Test 407, loss: 2.253861, test acc: 0.753873, test avg acc: 0.714527, best test acc: 0.781411
Train 408, loss: 0.764547
Test 408, loss: 2.121353, test acc: 0.769363, test avg acc: 0.735816, best test acc: 0.781411
Train 409, loss: 0.754059
Test 409, loss: 2.095436, test acc: 0.764200, test avg acc: 0.730166, best test acc: 0.781411
Train 410, loss: 0.735205
Test 410, loss: 2.121199, test acc: 0.759036, test avg acc: 0.717238, best test acc: 0.781411
Train 411, loss: 0.755963
Test 411, loss: 2.190562, test acc: 0.736661, test avg acc: 0.710699, best test acc: 0.781411
Train 412, loss: 0.817755
Test 412, loss: 2.374535, test acc: 0.741824, test avg acc: 0.696462, best test acc: 0.781411
Train 413, loss: 0.774270
Test 413, loss: 2.146049, test acc: 0.762478, test avg acc: 0.715642, best test acc: 0.781411
Train 414, loss: 0.771338
Test 414, loss: 2.166175, test acc: 0.752151, test avg acc: 0.729191, best test acc: 0.781411
Train 415, loss: 0.748933
Test 415, loss: 2.183192, test acc: 0.759036, test avg acc: 0.725976, best test acc: 0.781411
Train 416, loss: 0.738786
Test 416, loss: 2.142390, test acc: 0.776248, test avg acc: 0.737430, best test acc: 0.781411
Train 417, loss: 0.776142
Test 417, loss: 2.179096, test acc: 0.765921, test avg acc: 0.725763, best test acc: 0.781411
Train 418, loss: 0.766367
Test 418, loss: 2.154425, test acc: 0.757315, test avg acc: 0.719766, best test acc: 0.781411
Train 419, loss: 0.759006
Test 419, loss: 2.263903, test acc: 0.745267, test avg acc: 0.695974, best test acc: 0.781411
Train 420, loss: 0.734538
Test 420, loss: 2.196731, test acc: 0.762478, test avg acc: 0.726043, best test acc: 0.781411
Train 421, loss: 0.774014
Test 421, loss: 2.243826, test acc: 0.755594, test avg acc: 0.698961, best test acc: 0.781411
Train 422, loss: 0.746801
Test 422, loss: 2.192575, test acc: 0.757315, test avg acc: 0.710388, best test acc: 0.781411
Train 423, loss: 0.760869
Test 423, loss: 2.212937, test acc: 0.746988, test avg acc: 0.704427, best test acc: 0.781411
Train 424, loss: 0.789710
Test 424, loss: 2.277934, test acc: 0.767642, test avg acc: 0.734539, best test acc: 0.781411
Train 425, loss: 0.761749
Test 425, loss: 2.164572, test acc: 0.755594, test avg acc: 0.723689, best test acc: 0.781411
Train 426, loss: 0.721859
Test 426, loss: 2.268641, test acc: 0.760757, test avg acc: 0.714117, best test acc: 0.781411
Train 427, loss: 0.745996
Test 427, loss: 2.228958, test acc: 0.762478, test avg acc: 0.725150, best test acc: 0.781411
Train 428, loss: 0.706542
Test 428, loss: 2.130812, test acc: 0.746988, test avg acc: 0.718157, best test acc: 0.781411
Train 429, loss: 0.767765
Test 429, loss: 2.330995, test acc: 0.740103, test avg acc: 0.704272, best test acc: 0.781411
Train 430, loss: 0.735433
Test 430, loss: 2.192991, test acc: 0.752151, test avg acc: 0.723346, best test acc: 0.781411
Train 431, loss: 0.708953
Test 431, loss: 2.271407, test acc: 0.746988, test avg acc: 0.713523, best test acc: 0.781411
Train 432, loss: 0.783236
Test 432, loss: 2.330176, test acc: 0.736661, test avg acc: 0.705383, best test acc: 0.781411
Train 433, loss: 0.815317
Test 433, loss: 2.139134, test acc: 0.750430, test avg acc: 0.711522, best test acc: 0.781411
Train 434, loss: 0.766370
Test 434, loss: 2.301035, test acc: 0.736661, test avg acc: 0.696688, best test acc: 0.781411
Train 435, loss: 0.745677
Test 435, loss: 2.234834, test acc: 0.731497, test avg acc: 0.682129, best test acc: 0.781411
Train 436, loss: 0.739862
Test 436, loss: 2.144461, test acc: 0.759036, test avg acc: 0.713665, best test acc: 0.781411
Train 437, loss: 0.719950
Test 437, loss: 2.188502, test acc: 0.750430, test avg acc: 0.717138, best test acc: 0.781411
Train 438, loss: 0.760060
Test 438, loss: 2.232478, test acc: 0.757315, test avg acc: 0.709518, best test acc: 0.781411
Train 439, loss: 0.751327
Test 439, loss: 2.209325, test acc: 0.745267, test avg acc: 0.733893, best test acc: 0.781411
Train 440, loss: 0.750744
Test 440, loss: 2.280349, test acc: 0.748709, test avg acc: 0.697726, best test acc: 0.781411
Train 441, loss: 0.750684
Test 441, loss: 2.248809, test acc: 0.777969, test avg acc: 0.729374, best test acc: 0.781411
Train 442, loss: 0.728801
Test 442, loss: 2.133478, test acc: 0.762478, test avg acc: 0.713636, best test acc: 0.781411
Train 443, loss: 0.720800
Test 443, loss: 2.375047, test acc: 0.738382, test avg acc: 0.710343, best test acc: 0.781411
Train 444, loss: 0.740531
Test 444, loss: 2.255643, test acc: 0.753873, test avg acc: 0.700720, best test acc: 0.781411
Train 445, loss: 0.775258
Test 445, loss: 2.283703, test acc: 0.746988, test avg acc: 0.710056, best test acc: 0.781411
Train 446, loss: 0.736870
Test 446, loss: 2.102143, test acc: 0.748709, test avg acc: 0.718222, best test acc: 0.781411
Train 447, loss: 0.765616
Test 447, loss: 2.331570, test acc: 0.755594, test avg acc: 0.705623, best test acc: 0.781411
Train 448, loss: 0.746872
Test 448, loss: 2.268509, test acc: 0.760757, test avg acc: 0.715014, best test acc: 0.781411
Train 449, loss: 0.765903
Test 449, loss: 2.232974, test acc: 0.757315, test avg acc: 0.721893, best test acc: 0.781411
Train 450, loss: 0.743163
Test 450, loss: 2.143422, test acc: 0.734940, test avg acc: 0.695951, best test acc: 0.781411
Train 451, loss: 0.765561
Test 451, loss: 2.182546, test acc: 0.764200, test avg acc: 0.721719, best test acc: 0.781411
Train 452, loss: 0.750949
Test 452, loss: 2.269012, test acc: 0.760757, test avg acc: 0.716368, best test acc: 0.781411
Train 453, loss: 0.759060
Test 453, loss: 2.161340, test acc: 0.757315, test avg acc: 0.728268, best test acc: 0.781411
Train 454, loss: 0.769127
Test 454, loss: 2.156518, test acc: 0.757315, test avg acc: 0.729980, best test acc: 0.781411
Train 455, loss: 0.739240
Test 455, loss: 2.244765, test acc: 0.731497, test avg acc: 0.698812, best test acc: 0.781411
Train 456, loss: 0.746340
Test 456, loss: 2.188423, test acc: 0.743546, test avg acc: 0.699657, best test acc: 0.781411
Train 457, loss: 0.705489
Test 457, loss: 2.195896, test acc: 0.753873, test avg acc: 0.704238, best test acc: 0.781411
Train 458, loss: 0.748644
Test 458, loss: 2.240561, test acc: 0.772806, test avg acc: 0.736484, best test acc: 0.781411
Train 459, loss: 0.762347
Test 459, loss: 2.263825, test acc: 0.764200, test avg acc: 0.717699, best test acc: 0.781411
Train 460, loss: 0.776263
Test 460, loss: 2.152906, test acc: 0.786575, test avg acc: 0.747929, best test acc: 0.786575
Train 461, loss: 0.749459
Test 461, loss: 2.194073, test acc: 0.752151, test avg acc: 0.719550, best test acc: 0.786575
Train 462, loss: 0.759781
Test 462, loss: 2.255226, test acc: 0.741824, test avg acc: 0.690973, best test acc: 0.786575
Train 463, loss: 0.769285
Test 463, loss: 2.249836, test acc: 0.759036, test avg acc: 0.726450, best test acc: 0.786575
Train 464, loss: 0.712538
Test 464, loss: 2.198788, test acc: 0.776248, test avg acc: 0.729415, best test acc: 0.786575
Train 465, loss: 0.721752
Test 465, loss: 2.112776, test acc: 0.759036, test avg acc: 0.728776, best test acc: 0.786575
Train 466, loss: 0.717493
Test 466, loss: 2.195779, test acc: 0.752151, test avg acc: 0.719028, best test acc: 0.786575
Train 467, loss: 0.712662
Test 467, loss: 2.140004, test acc: 0.769363, test avg acc: 0.729756, best test acc: 0.786575
Train 468, loss: 0.739152
Test 468, loss: 2.189296, test acc: 0.748709, test avg acc: 0.711638, best test acc: 0.786575
Train 469, loss: 0.739794
Test 469, loss: 2.128701, test acc: 0.776248, test avg acc: 0.729568, best test acc: 0.786575
Train 470, loss: 0.735574
Test 470, loss: 2.200838, test acc: 0.762478, test avg acc: 0.726975, best test acc: 0.786575
Train 471, loss: 0.723903
Test 471, loss: 2.182205, test acc: 0.760757, test avg acc: 0.723954, best test acc: 0.786575
Train 472, loss: 0.767529
Test 472, loss: 2.271009, test acc: 0.764200, test avg acc: 0.719780, best test acc: 0.786575
Train 473, loss: 0.722872
Test 473, loss: 2.100927, test acc: 0.752151, test avg acc: 0.720573, best test acc: 0.786575
Train 474, loss: 0.759117
Test 474, loss: 2.252033, test acc: 0.752151, test avg acc: 0.703043, best test acc: 0.786575
Train 475, loss: 0.707267
Test 475, loss: 2.199628, test acc: 0.765921, test avg acc: 0.734127, best test acc: 0.786575
Train 476, loss: 0.699779
Test 476, loss: 2.205683, test acc: 0.774527, test avg acc: 0.729490, best test acc: 0.786575
Train 477, loss: 0.716093
Test 477, loss: 2.230670, test acc: 0.750430, test avg acc: 0.718308, best test acc: 0.786575
Train 478, loss: 0.729426
Test 478, loss: 2.259437, test acc: 0.771084, test avg acc: 0.729180, best test acc: 0.786575
Train 479, loss: 0.759455
Test 479, loss: 2.190679, test acc: 0.745267, test avg acc: 0.713167, best test acc: 0.786575
Train 480, loss: 0.750109
Test 480, loss: 2.232183, test acc: 0.746988, test avg acc: 0.706953, best test acc: 0.786575
Train 481, loss: 0.742339
Test 481, loss: 2.129196, test acc: 0.745267, test avg acc: 0.701894, best test acc: 0.786575
Train 482, loss: 0.720172
Test 482, loss: 2.196040, test acc: 0.769363, test avg acc: 0.737780, best test acc: 0.786575
Train 483, loss: 0.743367
Test 483, loss: 2.208768, test acc: 0.752151, test avg acc: 0.714276, best test acc: 0.786575
Train 484, loss: 0.683971
Test 484, loss: 2.150035, test acc: 0.760757, test avg acc: 0.734537, best test acc: 0.786575
Train 485, loss: 0.765761
Test 485, loss: 2.256704, test acc: 0.769363, test avg acc: 0.739111, best test acc: 0.786575
Train 486, loss: 0.721803
Test 486, loss: 2.189448, test acc: 0.765921, test avg acc: 0.721448, best test acc: 0.786575
Train 487, loss: 0.716171
Test 487, loss: 2.279651, test acc: 0.748709, test avg acc: 0.712438, best test acc: 0.786575
Train 488, loss: 0.724574
Test 488, loss: 2.237761, test acc: 0.762478, test avg acc: 0.715301, best test acc: 0.786575
Train 489, loss: 0.769164
Test 489, loss: 2.178733, test acc: 0.746988, test avg acc: 0.699290, best test acc: 0.786575
Train 490, loss: 0.736924
Test 490, loss: 2.164620, test acc: 0.755594, test avg acc: 0.721090, best test acc: 0.786575
Train 491, loss: 0.707285
Test 491, loss: 2.263695, test acc: 0.759036, test avg acc: 0.719700, best test acc: 0.786575
Train 492, loss: 0.723624
Test 492, loss: 2.226392, test acc: 0.765921, test avg acc: 0.723950, best test acc: 0.786575
Train 493, loss: 0.732392
Test 493, loss: 2.250257, test acc: 0.748709, test avg acc: 0.706488, best test acc: 0.786575
Train 494, loss: 0.723381
Test 494, loss: 2.192143, test acc: 0.757315, test avg acc: 0.733819, best test acc: 0.786575
Train 495, loss: 0.728305
Test 495, loss: 2.159341, test acc: 0.772806, test avg acc: 0.734552, best test acc: 0.786575
Train 496, loss: 0.736473
Test 496, loss: 2.197922, test acc: 0.748709, test avg acc: 0.706934, best test acc: 0.786575
Train 497, loss: 0.729038
Test 497, loss: 2.192045, test acc: 0.752151, test avg acc: 0.713892, best test acc: 0.786575
Train 498, loss: 0.728326
Test 498, loss: 2.214331, test acc: 0.764200, test avg acc: 0.730715, best test acc: 0.786575
Train 499, loss: 0.738838
Test 499, loss: 2.074930, test acc: 0.760757, test avg acc: 0.716708, best test acc: 0.786575
