Namespace(batch_size=32, data='MN40', dropout=0.5, emb_dims=1024, epochs=500, eval=False, exp_name='SageMix_pointnet', k=20, lr=0.001, model='pointnet', model_path='', momentum=0.9, no_cuda=False, num_points=1024, seed=1, sigma=2.0, test_batch_size=16, theta=0.2, use_sgd=False)
Using GPU : 0 from 4 devices
Train 0, loss: 2.440778
Namespace(batch_size=32, data='MN40', dropout=0.5, emb_dims=1024, epochs=500, eval=False, exp_name='SageMix_pointnet', k=20, lr=0.001, model='pointnet', model_path='', momentum=0.9, no_cuda=False, num_points=1024, seed=1, sigma=2.0, test_batch_size=16, theta=0.2, use_sgd=False)
Using GPU : 0 from 4 devices
Train 0, loss: 2.436929
Namespace(batch_size=32, data='MN40', dropout=0.5, emb_dims=1024, epochs=500, eval=False, exp_name='SageMix_pointnet', k=20, lr=0.001, model='pointnet', model_path='', momentum=0.9, no_cuda=False, num_points=1024, seed=1, sigma=2.0, test_batch_size=16, theta=0.2, use_sgd=False)
Using GPU : 0 from 4 devices
Namespace(batch_size=32, data='MN40', dropout=0.5, emb_dims=1024, epochs=500, eval=False, exp_name='SageMix_pointnet', k=20, lr=0.001, model='pointnet', model_path='', momentum=0.9, no_cuda=False, num_points=1024, seed=1, sigma=2.0, test_batch_size=16, theta=0.2, use_sgd=False)
Using GPU : 0 from 4 devices
Namespace(batch_size=32, data='MN40', dropout=0.5, emb_dims=1024, epochs=500, eval=False, exp_name='SageMix_pointnet', k=20, lr=0.001, model='pointnet', model_path='', momentum=0.9, no_cuda=False, num_points=1024, seed=1, sigma=2.0, test_batch_size=16, theta=0.2, use_sgd=False)
Using GPU : 0 from 4 devices
Namespace(batch_size=32, data='MN40', dropout=0.5, emb_dims=1024, epochs=500, eval=False, exp_name='SageMix_pointnet', k=20, lr=0.001, model='pointnet', model_path='', momentum=0.9, no_cuda=False, num_points=1024, seed=1, sigma=2.0, test_batch_size=16, theta=0.2, use_sgd=False)
Using GPU : 0 from 4 devices
Namespace(batch_size=32, data='MN40', dropout=0.5, emb_dims=1024, epochs=500, eval=False, exp_name='SageMix_pointnet', k=20, lr=0.001, model='pointnet', model_path='', momentum=0.9, no_cuda=False, num_points=1024, seed=1, sigma=2.0, test_batch_size=16, theta=0.2, use_sgd=False)
Using GPU : 0 from 4 devices
Train 0, loss: 2.435247
Namespace(batch_size=32, data='MN40', dropout=0.5, emb_dims=1024, epochs=500, eval=False, exp_name='SageMix_pointnet', k=20, lr=0.001, model='pointnet', model_path='', momentum=0.9, no_cuda=False, num_points=1024, seed=1, sigma=2.0, test_batch_size=16, theta=0.2, use_sgd=False)
Using GPU : 0 from 4 devices
Train 0, loss: 2.439109
Namespace(batch_size=32, data='MN40', dropout=0.5, emb_dims=1024, epochs=500, eval=False, exp_name='SageMix_pointnet', k=20, lr=0.001, model='pointnet', model_path='', momentum=0.9, no_cuda=False, num_points=1024, seed=1, sigma=2.0, test_batch_size=16, theta=0.2, use_sgd=False)
Using GPU : 0 from 4 devices
Namespace(batch_size=32, data='MN40', dropout=0.5, emb_dims=1024, epochs=500, eval=False, exp_name='SageMix_pointnet', k=20, lr=0.001, model='pointnet', model_path='', momentum=0.9, no_cuda=False, num_points=1024, seed=1, sigma=2.0, test_batch_size=16, theta=0.2, use_sgd=False)
Using GPU : 0 from 4 devices
Namespace(batch_size=32, data='MN40', dropout=0.5, emb_dims=1024, epochs=500, eval=False, exp_name='SageMix_pointnet', k=20, lr=0.001, model='pointnet', model_path='', momentum=0.9, no_cuda=False, num_points=1024, seed=1, sigma=2.0, test_batch_size=16, theta=0.2, use_sgd=False)
Using GPU : 0 from 4 devices
Namespace(batch_size=32, data='MN40', dropout=0.5, emb_dims=1024, epochs=500, eval=False, exp_name='SageMix_pointnet', k=20, lr=0.001, model='pointnet', model_path='', momentum=0.9, no_cuda=False, num_points=1024, seed=1, sigma=2.0, test_batch_size=16, theta=0.2, use_sgd=False)
Using GPU : 0 from 1 devices
Train 0, loss: 2.268217
Test 0, loss: 2.526435, test acc: 0.559968, test avg acc: 0.460616, best test acc: 0.559968
Train 1, loss: 1.792248
Test 1, loss: 2.338829, test acc: 0.670178, test avg acc: 0.561453, best test acc: 0.670178
Train 2, loss: 1.665008
Test 2, loss: 2.216598, test acc: 0.694084, test avg acc: 0.579209, best test acc: 0.694084
Train 3, loss: 1.587538
Test 3, loss: 2.335328, test acc: 0.693274, test avg acc: 0.613041, best test acc: 0.694084
Train 4, loss: 1.536691
Test 4, loss: 2.204843, test acc: 0.753241, test avg acc: 0.624965, best test acc: 0.753241
Train 5, loss: 1.511872
Test 5, loss: 2.227297, test acc: 0.753647, test avg acc: 0.659570, best test acc: 0.753647
Train 6, loss: 1.499133
Test 6, loss: 2.268525, test acc: 0.738250, test avg acc: 0.651971, best test acc: 0.753647
Train 7, loss: 1.455725
Test 7, loss: 2.187297, test acc: 0.772285, test avg acc: 0.687140, best test acc: 0.772285
Train 8, loss: 1.429918
Test 8, loss: 2.217282, test acc: 0.776742, test avg acc: 0.670337, best test acc: 0.776742
Train 9, loss: 1.444233
Test 9, loss: 2.128536, test acc: 0.805105, test avg acc: 0.721366, best test acc: 0.805105
Train 10, loss: 1.385378
Test 10, loss: 2.162922, test acc: 0.784441, test avg acc: 0.703669, best test acc: 0.805105
Train 11, loss: 1.385352
Test 11, loss: 2.224589, test acc: 0.781605, test avg acc: 0.699291, best test acc: 0.805105
Train 12, loss: 1.380130
Test 12, loss: 2.197830, test acc: 0.814425, test avg acc: 0.722459, best test acc: 0.814425
Train 13, loss: 1.372813
Test 13, loss: 2.135255, test acc: 0.805511, test avg acc: 0.719884, best test acc: 0.814425
Train 14, loss: 1.356820
Test 14, loss: 2.170522, test acc: 0.805916, test avg acc: 0.708267, best test acc: 0.814425
Train 15, loss: 1.351648
Test 15, loss: 2.147382, test acc: 0.799028, test avg acc: 0.724791, best test acc: 0.814425
Train 16, loss: 1.353402
Test 16, loss: 2.157528, test acc: 0.785251, test avg acc: 0.732517, best test acc: 0.814425
Train 17, loss: 1.319614
Test 17, loss: 2.259948, test acc: 0.809562, test avg acc: 0.720581, best test acc: 0.814425
Train 18, loss: 1.301669
Test 18, loss: 2.164788, test acc: 0.814019, test avg acc: 0.707285, best test acc: 0.814425
Train 19, loss: 1.320428
Test 19, loss: 2.221810, test acc: 0.807131, test avg acc: 0.729948, best test acc: 0.814425
Train 20, loss: 1.284652
Test 20, loss: 2.107346, test acc: 0.813614, test avg acc: 0.702901, best test acc: 0.814425
Train 21, loss: 1.289074
Test 21, loss: 2.115563, test acc: 0.811183, test avg acc: 0.739570, best test acc: 0.814425
Train 22, loss: 1.294078
Test 22, loss: 2.204555, test acc: 0.804700, test avg acc: 0.733087, best test acc: 0.814425
Train 23, loss: 1.269643
Test 23, loss: 2.185578, test acc: 0.822528, test avg acc: 0.747070, best test acc: 0.822528
Train 24, loss: 1.264801
Test 24, loss: 2.226601, test acc: 0.822528, test avg acc: 0.736547, best test acc: 0.822528
Train 25, loss: 1.267345
Test 25, loss: 2.211295, test acc: 0.826175, test avg acc: 0.745047, best test acc: 0.826175
Train 26, loss: 1.248219
Test 26, loss: 2.088531, test acc: 0.837520, test avg acc: 0.757785, best test acc: 0.837520
Train 27, loss: 1.250093
Test 27, loss: 2.198994, test acc: 0.797407, test avg acc: 0.733221, best test acc: 0.837520
Train 28, loss: 1.251678
Test 28, loss: 2.195600, test acc: 0.826580, test avg acc: 0.747605, best test acc: 0.837520
Train 29, loss: 1.275932
Test 29, loss: 2.149195, test acc: 0.822934, test avg acc: 0.754256, best test acc: 0.837520
Train 30, loss: 1.257105
Test 30, loss: 2.228178, test acc: 0.814830, test avg acc: 0.728802, best test acc: 0.837520
Train 31, loss: 1.269058
Test 31, loss: 2.150539, test acc: 0.829011, test avg acc: 0.751413, best test acc: 0.837520
Train 32, loss: 1.217527
Test 32, loss: 2.145526, test acc: 0.826985, test avg acc: 0.728029, best test acc: 0.837520
Train 33, loss: 1.242599
Test 33, loss: 2.144782, test acc: 0.826580, test avg acc: 0.748820, best test acc: 0.837520
Train 34, loss: 1.216354
Test 34, loss: 2.151616, test acc: 0.818071, test avg acc: 0.727953, best test acc: 0.837520
Train 35, loss: 1.229977
Test 35, loss: 2.129301, test acc: 0.849676, test avg acc: 0.774529, best test acc: 0.849676
Train 36, loss: 1.225386
Test 36, loss: 2.237530, test acc: 0.825770, test avg acc: 0.750035, best test acc: 0.849676
Train 37, loss: 1.216250
Test 37, loss: 2.195951, test acc: 0.833874, test avg acc: 0.750233, best test acc: 0.849676
Train 38, loss: 1.192473
Test 38, loss: 2.126928, test acc: 0.830632, test avg acc: 0.782267, best test acc: 0.849676
Train 39, loss: 1.229444
Test 39, loss: 2.165165, test acc: 0.828606, test avg acc: 0.742965, best test acc: 0.849676
Train 40, loss: 1.224564
Test 40, loss: 2.102916, test acc: 0.832658, test avg acc: 0.754198, best test acc: 0.849676
Train 41, loss: 1.208876
Test 41, loss: 2.109655, test acc: 0.846434, test avg acc: 0.780047, best test acc: 0.849676
Train 42, loss: 1.200964
Test 42, loss: 2.075877, test acc: 0.852107, test avg acc: 0.792756, best test acc: 0.852107
Train 43, loss: 1.188503
Test 43, loss: 2.116544, test acc: 0.846029, test avg acc: 0.767233, best test acc: 0.852107
Train 44, loss: 1.203002
Test 44, loss: 2.233447, test acc: 0.820908, test avg acc: 0.742558, best test acc: 0.852107
Train 45, loss: 1.226435
Test 45, loss: 2.133648, test acc: 0.824554, test avg acc: 0.763779, best test acc: 0.852107
Train 46, loss: 1.191445
Test 46, loss: 2.110639, test acc: 0.827796, test avg acc: 0.758209, best test acc: 0.852107
Train 47, loss: 1.185071
Test 47, loss: 2.160560, test acc: 0.846434, test avg acc: 0.789186, best test acc: 0.852107
Train 48, loss: 1.205078
Test 48, loss: 2.110469, test acc: 0.836305, test avg acc: 0.776023, best test acc: 0.852107
Train 49, loss: 1.171521
Test 49, loss: 2.182195, test acc: 0.832658, test avg acc: 0.773692, best test acc: 0.852107
Train 50, loss: 1.182258
Test 50, loss: 2.182710, test acc: 0.844003, test avg acc: 0.779779, best test acc: 0.852107
Train 51, loss: 1.163025
Test 51, loss: 2.225986, test acc: 0.835089, test avg acc: 0.782413, best test acc: 0.852107
Train 52, loss: 1.190045
Test 52, loss: 2.173477, test acc: 0.847650, test avg acc: 0.792203, best test acc: 0.852107
Train 53, loss: 1.186938
Test 53, loss: 2.161078, test acc: 0.846840, test avg acc: 0.770186, best test acc: 0.852107
Train 54, loss: 1.155490
Test 54, loss: 2.181015, test acc: 0.847650, test avg acc: 0.764552, best test acc: 0.852107
Train 55, loss: 1.191269
Test 55, loss: 2.053021, test acc: 0.849271, test avg acc: 0.780180, best test acc: 0.852107
Train 56, loss: 1.176293
Test 56, loss: 2.201270, test acc: 0.844408, test avg acc: 0.778692, best test acc: 0.852107
Train 57, loss: 1.173189
Test 57, loss: 2.091198, test acc: 0.863857, test avg acc: 0.804547, best test acc: 0.863857
Train 58, loss: 1.173989
Test 58, loss: 2.134074, test acc: 0.844408, test avg acc: 0.783535, best test acc: 0.863857
Train 59, loss: 1.163817
Test 59, loss: 2.155714, test acc: 0.846029, test avg acc: 0.792105, best test acc: 0.863857
Train 60, loss: 1.176857
Test 60, loss: 2.156786, test acc: 0.845624, test avg acc: 0.786512, best test acc: 0.863857
Train 61, loss: 1.161788
Test 61, loss: 2.178390, test acc: 0.843193, test avg acc: 0.777169, best test acc: 0.863857
Train 62, loss: 1.175208
Test 62, loss: 2.077352, test acc: 0.857780, test avg acc: 0.786727, best test acc: 0.863857
Train 63, loss: 1.173920
Test 63, loss: 2.164157, test acc: 0.841572, test avg acc: 0.774820, best test acc: 0.863857
Train 64, loss: 1.165169
Test 64, loss: 2.184248, test acc: 0.848460, test avg acc: 0.785140, best test acc: 0.863857
Train 65, loss: 1.167894
Test 65, loss: 2.103887, test acc: 0.854133, test avg acc: 0.788064, best test acc: 0.863857
Train 66, loss: 1.156617
Test 66, loss: 2.091905, test acc: 0.827391, test avg acc: 0.793372, best test acc: 0.863857
Train 67, loss: 1.161534
Test 67, loss: 2.138793, test acc: 0.845219, test avg acc: 0.771605, best test acc: 0.863857
Train 68, loss: 1.153251
Test 68, loss: 2.172084, test acc: 0.848865, test avg acc: 0.779512, best test acc: 0.863857
Train 69, loss: 1.161250
Test 69, loss: 2.116213, test acc: 0.850891, test avg acc: 0.786407, best test acc: 0.863857
Train 70, loss: 1.159066
Test 70, loss: 2.076986, test acc: 0.857374, test avg acc: 0.787488, best test acc: 0.863857
Train 71, loss: 1.156726
Test 71, loss: 2.150680, test acc: 0.854133, test avg acc: 0.768285, best test acc: 0.863857
Train 72, loss: 1.167853
Test 72, loss: 2.153881, test acc: 0.843598, test avg acc: 0.778157, best test acc: 0.863857
Train 73, loss: 1.157732
Test 73, loss: 2.066461, test acc: 0.856564, test avg acc: 0.797855, best test acc: 0.863857
Train 74, loss: 1.153541
Test 74, loss: 2.189639, test acc: 0.839141, test avg acc: 0.785384, best test acc: 0.863857
Train 75, loss: 1.155747
Test 75, loss: 2.122469, test acc: 0.855348, test avg acc: 0.787773, best test acc: 0.863857
Train 76, loss: 1.153696
Test 76, loss: 2.206878, test acc: 0.846434, test avg acc: 0.784552, best test acc: 0.863857
Train 77, loss: 1.155933
Test 77, loss: 2.150957, test acc: 0.842788, test avg acc: 0.770698, best test acc: 0.863857
Train 78, loss: 1.164523
Test 78, loss: 2.128930, test acc: 0.858185, test avg acc: 0.798733, best test acc: 0.863857
Train 79, loss: 1.140603
Test 79, loss: 2.080319, test acc: 0.845624, test avg acc: 0.788465, best test acc: 0.863857
Train 80, loss: 1.149758
Test 80, loss: 2.126798, test acc: 0.854943, test avg acc: 0.781773, best test acc: 0.863857
Train 81, loss: 1.132602
Test 81, loss: 2.066857, test acc: 0.856969, test avg acc: 0.800395, best test acc: 0.863857
Train 82, loss: 1.140392
Test 82, loss: 2.113115, test acc: 0.852107, test avg acc: 0.777581, best test acc: 0.863857
Train 83, loss: 1.138784
Test 83, loss: 2.055761, test acc: 0.854943, test avg acc: 0.793157, best test acc: 0.863857
Train 84, loss: 1.142079
Test 84, loss: 2.127930, test acc: 0.863857, test avg acc: 0.804756, best test acc: 0.863857
Train 85, loss: 1.141753
Test 85, loss: 2.141372, test acc: 0.841167, test avg acc: 0.781006, best test acc: 0.863857
Train 86, loss: 1.163184
Test 86, loss: 2.166378, test acc: 0.861021, test avg acc: 0.802227, best test acc: 0.863857
Train 87, loss: 1.140320
Test 87, loss: 2.039877, test acc: 0.863047, test avg acc: 0.805599, best test acc: 0.863857
Train 88, loss: 1.152213
Test 88, loss: 2.160291, test acc: 0.853728, test avg acc: 0.779837, best test acc: 0.863857
Train 89, loss: 1.119352
Test 89, loss: 2.057492, test acc: 0.866288, test avg acc: 0.801273, best test acc: 0.866288
Train 90, loss: 1.129885
Test 90, loss: 2.073519, test acc: 0.856564, test avg acc: 0.790360, best test acc: 0.866288
Train 91, loss: 1.157895
Test 91, loss: 2.102855, test acc: 0.838736, test avg acc: 0.795808, best test acc: 0.866288
Train 92, loss: 1.143862
Test 92, loss: 2.107322, test acc: 0.858185, test avg acc: 0.785012, best test acc: 0.866288
Train 93, loss: 1.125904
Test 93, loss: 2.137392, test acc: 0.864668, test avg acc: 0.803349, best test acc: 0.866288
Train 94, loss: 1.127801
Test 94, loss: 2.146990, test acc: 0.845219, test avg acc: 0.785151, best test acc: 0.866288
Train 95, loss: 1.136394
Test 95, loss: 2.131559, test acc: 0.855348, test avg acc: 0.784674, best test acc: 0.866288
Train 96, loss: 1.132118
Test 96, loss: 2.100930, test acc: 0.860211, test avg acc: 0.812320, best test acc: 0.866288
Train 97, loss: 1.128086
Test 97, loss: 2.181000, test acc: 0.852512, test avg acc: 0.792692, best test acc: 0.866288
Train 98, loss: 1.135715
Test 98, loss: 2.145079, test acc: 0.850081, test avg acc: 0.775308, best test acc: 0.866288
Train 99, loss: 1.127890
Test 99, loss: 2.134450, test acc: 0.867099, test avg acc: 0.809087, best test acc: 0.867099
Train 100, loss: 1.143121
Test 100, loss: 2.100468, test acc: 0.855754, test avg acc: 0.792012, best test acc: 0.867099
Train 101, loss: 1.131383
Test 101, loss: 2.088675, test acc: 0.854943, test avg acc: 0.798017, best test acc: 0.867099
Train 102, loss: 1.119762
Test 102, loss: 2.131952, test acc: 0.844408, test avg acc: 0.772360, best test acc: 0.867099
Train 103, loss: 1.117045
Test 103, loss: 2.152643, test acc: 0.852107, test avg acc: 0.805378, best test acc: 0.867099
Train 104, loss: 1.123383
Test 104, loss: 2.059765, test acc: 0.861426, test avg acc: 0.797430, best test acc: 0.867099
Train 105, loss: 1.109555
Test 105, loss: 2.134022, test acc: 0.841977, test avg acc: 0.799442, best test acc: 0.867099
Train 106, loss: 1.135095
Test 106, loss: 2.111490, test acc: 0.862642, test avg acc: 0.805378, best test acc: 0.867099
Train 107, loss: 1.121370
Test 107, loss: 2.130140, test acc: 0.862642, test avg acc: 0.803349, best test acc: 0.867099
Train 108, loss: 1.113195
Test 108, loss: 2.119369, test acc: 0.856969, test avg acc: 0.793186, best test acc: 0.867099
Train 109, loss: 1.135175
Test 109, loss: 2.058902, test acc: 0.860616, test avg acc: 0.799843, best test acc: 0.867099
Train 110, loss: 1.139384
Test 110, loss: 2.133327, test acc: 0.848865, test avg acc: 0.795622, best test acc: 0.867099
Train 111, loss: 1.121564
Test 111, loss: 2.166902, test acc: 0.841572, test avg acc: 0.772017, best test acc: 0.867099
Train 112, loss: 1.120855
Test 112, loss: 2.090217, test acc: 0.852107, test avg acc: 0.788959, best test acc: 0.867099
Train 113, loss: 1.118265
Test 113, loss: 2.034663, test acc: 0.869125, test avg acc: 0.803180, best test acc: 0.869125
Train 114, loss: 1.106398
Test 114, loss: 2.126968, test acc: 0.867099, test avg acc: 0.809895, best test acc: 0.869125
Train 115, loss: 1.112417
Test 115, loss: 2.163929, test acc: 0.846029, test avg acc: 0.790494, best test acc: 0.869125
Train 116, loss: 1.114208
Test 116, loss: 2.083205, test acc: 0.846840, test avg acc: 0.777477, best test acc: 0.869125
Train 117, loss: 1.118103
Test 117, loss: 2.060047, test acc: 0.857374, test avg acc: 0.798308, best test acc: 0.869125
Train 118, loss: 1.120453
Test 118, loss: 2.105511, test acc: 0.872366, test avg acc: 0.807860, best test acc: 0.872366
Train 119, loss: 1.117472
Test 119, loss: 2.152436, test acc: 0.849271, test avg acc: 0.789029, best test acc: 0.872366
Train 120, loss: 1.103079
Test 120, loss: 2.161749, test acc: 0.871151, test avg acc: 0.805808, best test acc: 0.872366
Train 121, loss: 1.133560
Test 121, loss: 2.077124, test acc: 0.870340, test avg acc: 0.817715, best test acc: 0.872366
Train 122, loss: 1.124169
Test 122, loss: 2.130999, test acc: 0.856564, test avg acc: 0.788721, best test acc: 0.872366
Train 123, loss: 1.121404
Test 123, loss: 2.045164, test acc: 0.858995, test avg acc: 0.799099, best test acc: 0.872366
Train 124, loss: 1.097561
Test 124, loss: 2.137823, test acc: 0.850891, test avg acc: 0.792686, best test acc: 0.872366
Train 125, loss: 1.117504
Test 125, loss: 2.022999, test acc: 0.869530, test avg acc: 0.810651, best test acc: 0.872366
Train 126, loss: 1.100605
Test 126, loss: 2.158246, test acc: 0.852512, test avg acc: 0.784087, best test acc: 0.872366
Train 127, loss: 1.113893
Test 127, loss: 2.124156, test acc: 0.856969, test avg acc: 0.805192, best test acc: 0.872366
Train 128, loss: 1.108815
Test 128, loss: 2.067573, test acc: 0.861831, test avg acc: 0.811547, best test acc: 0.872366
Train 129, loss: 1.096473
Test 129, loss: 2.051776, test acc: 0.873582, test avg acc: 0.814308, best test acc: 0.873582
Train 130, loss: 1.100721
Test 130, loss: 2.132830, test acc: 0.842788, test avg acc: 0.792308, best test acc: 0.873582
Train 131, loss: 1.119903
Test 131, loss: 2.100077, test acc: 0.860616, test avg acc: 0.810640, best test acc: 0.873582
Train 132, loss: 1.112365
Test 132, loss: 2.146832, test acc: 0.861426, test avg acc: 0.780256, best test acc: 0.873582
Train 133, loss: 1.126185
Test 133, loss: 2.030503, test acc: 0.860211, test avg acc: 0.785901, best test acc: 0.873582
Train 134, loss: 1.101731
Test 134, loss: 2.109974, test acc: 0.849271, test avg acc: 0.783471, best test acc: 0.873582
Train 135, loss: 1.108303
Test 135, loss: 2.025952, test acc: 0.845219, test avg acc: 0.803983, best test acc: 0.873582
Train 136, loss: 1.105326
Test 136, loss: 2.046921, test acc: 0.865073, test avg acc: 0.793605, best test acc: 0.873582
Train 137, loss: 1.103611
Test 137, loss: 2.142353, test acc: 0.860616, test avg acc: 0.802215, best test acc: 0.873582
Train 138, loss: 1.101993
Test 138, loss: 2.075352, test acc: 0.860211, test avg acc: 0.812605, best test acc: 0.873582
Train 139, loss: 1.089003
Test 139, loss: 2.053395, test acc: 0.863857, test avg acc: 0.813831, best test acc: 0.873582
Train 140, loss: 1.091275
Test 140, loss: 2.064169, test acc: 0.852917, test avg acc: 0.809058, best test acc: 0.873582
Train 141, loss: 1.115200
Test 141, loss: 2.051695, test acc: 0.858590, test avg acc: 0.804308, best test acc: 0.873582
Train 142, loss: 1.101216
Test 142, loss: 2.090897, test acc: 0.875203, test avg acc: 0.812215, best test acc: 0.875203
Train 143, loss: 1.095747
Test 143, loss: 2.090423, test acc: 0.846840, test avg acc: 0.795017, best test acc: 0.875203
Train 144, loss: 1.105100
Test 144, loss: 2.091541, test acc: 0.865478, test avg acc: 0.802477, best test acc: 0.875203
Train 145, loss: 1.106245
Test 145, loss: 2.102479, test acc: 0.852917, test avg acc: 0.797477, best test acc: 0.875203
Train 146, loss: 1.097966
Test 146, loss: 2.097111, test acc: 0.859400, test avg acc: 0.806314, best test acc: 0.875203
Train 147, loss: 1.121326
Test 147, loss: 2.060572, test acc: 0.875608, test avg acc: 0.814767, best test acc: 0.875608
Train 148, loss: 1.112441
Test 148, loss: 2.115027, test acc: 0.862642, test avg acc: 0.807814, best test acc: 0.875608
Train 149, loss: 1.102881
Test 149, loss: 2.171864, test acc: 0.857374, test avg acc: 0.811401, best test acc: 0.875608
Train 150, loss: 1.080455
Test 150, loss: 2.058604, test acc: 0.863047, test avg acc: 0.811907, best test acc: 0.875608
Train 151, loss: 1.106717
Test 151, loss: 2.182484, test acc: 0.846840, test avg acc: 0.789006, best test acc: 0.875608
Train 152, loss: 1.090649
Test 152, loss: 2.165071, test acc: 0.855754, test avg acc: 0.806378, best test acc: 0.875608
Train 153, loss: 1.116474
Test 153, loss: 2.102029, test acc: 0.853323, test avg acc: 0.797349, best test acc: 0.875608
Train 154, loss: 1.100727
Test 154, loss: 2.144426, test acc: 0.865073, test avg acc: 0.803297, best test acc: 0.875608
Train 155, loss: 1.087472
Test 155, loss: 2.133006, test acc: 0.859806, test avg acc: 0.798372, best test acc: 0.875608
Train 156, loss: 1.092750
Test 156, loss: 2.061235, test acc: 0.852917, test avg acc: 0.797895, best test acc: 0.875608
Train 157, loss: 1.082599
Test 157, loss: 2.177750, test acc: 0.851702, test avg acc: 0.784506, best test acc: 0.875608
Train 158, loss: 1.097757
Test 158, loss: 2.117122, test acc: 0.862642, test avg acc: 0.804215, best test acc: 0.875608
Train 159, loss: 1.089734
Test 159, loss: 2.177975, test acc: 0.863047, test avg acc: 0.802233, best test acc: 0.875608
Train 160, loss: 1.102991
Test 160, loss: 2.105909, test acc: 0.862642, test avg acc: 0.804448, best test acc: 0.875608
Train 161, loss: 1.101470
Test 161, loss: 2.074138, test acc: 0.868720, test avg acc: 0.800971, best test acc: 0.875608
Train 162, loss: 1.078834
Test 162, loss: 2.065330, test acc: 0.870746, test avg acc: 0.803878, best test acc: 0.875608
Train 163, loss: 1.093826
Test 163, loss: 2.223829, test acc: 0.846840, test avg acc: 0.783331, best test acc: 0.875608
Train 164, loss: 1.087771
Test 164, loss: 2.035627, test acc: 0.866694, test avg acc: 0.810808, best test acc: 0.875608
Train 165, loss: 1.085504
Test 165, loss: 2.083317, test acc: 0.866694, test avg acc: 0.799820, best test acc: 0.875608
Train 166, loss: 1.091172
Test 166, loss: 2.105863, test acc: 0.858590, test avg acc: 0.785215, best test acc: 0.875608
Train 167, loss: 1.102934
Test 167, loss: 2.029965, test acc: 0.866288, test avg acc: 0.811634, best test acc: 0.875608
Train 168, loss: 1.095087
Test 168, loss: 2.050388, test acc: 0.865478, test avg acc: 0.811610, best test acc: 0.875608
Train 169, loss: 1.094907
Test 169, loss: 2.061410, test acc: 0.861426, test avg acc: 0.807285, best test acc: 0.875608
Train 170, loss: 1.096691
Test 170, loss: 2.023379, test acc: 0.880470, test avg acc: 0.818930, best test acc: 0.880470
Train 171, loss: 1.110840
Test 171, loss: 1.990926, test acc: 0.868314, test avg acc: 0.805523, best test acc: 0.880470
Train 172, loss: 1.105231
Test 172, loss: 2.074244, test acc: 0.867909, test avg acc: 0.815093, best test acc: 0.880470
Train 173, loss: 1.094822
Test 173, loss: 2.002360, test acc: 0.860616, test avg acc: 0.816767, best test acc: 0.880470
Train 174, loss: 1.069920
Test 174, loss: 2.103835, test acc: 0.858590, test avg acc: 0.808599, best test acc: 0.880470
Train 175, loss: 1.095293
Test 175, loss: 2.042799, test acc: 0.861021, test avg acc: 0.809640, best test acc: 0.880470
Train 176, loss: 1.088748
Test 176, loss: 2.053212, test acc: 0.861426, test avg acc: 0.815349, best test acc: 0.880470
Train 177, loss: 1.099913
Test 177, loss: 2.113385, test acc: 0.871151, test avg acc: 0.814930, best test acc: 0.880470
Train 178, loss: 1.088625
Test 178, loss: 2.033024, test acc: 0.854538, test avg acc: 0.812895, best test acc: 0.880470
Train 179, loss: 1.100917
Test 179, loss: 2.092433, test acc: 0.869530, test avg acc: 0.816715, best test acc: 0.880470
Train 180, loss: 1.095365
Test 180, loss: 2.135465, test acc: 0.843193, test avg acc: 0.787285, best test acc: 0.880470
Train 181, loss: 1.088214
Test 181, loss: 2.177645, test acc: 0.846840, test avg acc: 0.785872, best test acc: 0.880470
Train 182, loss: 1.077626
Test 182, loss: 2.027915, test acc: 0.868720, test avg acc: 0.814541, best test acc: 0.880470
Train 183, loss: 1.083453
Test 183, loss: 2.059289, test acc: 0.855754, test avg acc: 0.800756, best test acc: 0.880470
Train 184, loss: 1.074729
Test 184, loss: 2.088037, test acc: 0.867504, test avg acc: 0.808012, best test acc: 0.880470
Train 185, loss: 1.092530
Test 185, loss: 2.041158, test acc: 0.871151, test avg acc: 0.811070, best test acc: 0.880470
Train 186, loss: 1.089833
Test 186, loss: 2.066847, test acc: 0.852107, test avg acc: 0.806570, best test acc: 0.880470
Train 187, loss: 1.082859
Test 187, loss: 2.090272, test acc: 0.870340, test avg acc: 0.804674, best test acc: 0.880470
Train 188, loss: 1.073692
Test 188, loss: 2.141190, test acc: 0.871151, test avg acc: 0.793448, best test acc: 0.880470
Train 189, loss: 1.086181
Test 189, loss: 2.064144, test acc: 0.854943, test avg acc: 0.805890, best test acc: 0.880470
Train 190, loss: 1.085917
Test 190, loss: 2.072518, test acc: 0.860211, test avg acc: 0.783767, best test acc: 0.880470
Train 191, loss: 1.095906
Test 191, loss: 2.064058, test acc: 0.861021, test avg acc: 0.795192, best test acc: 0.880470
Train 192, loss: 1.092845
Test 192, loss: 2.141455, test acc: 0.846434, test avg acc: 0.797820, best test acc: 0.880470
Train 193, loss: 1.086855
Test 193, loss: 2.047354, test acc: 0.865478, test avg acc: 0.812186, best test acc: 0.880470
Train 194, loss: 1.073481
Test 194, loss: 2.140885, test acc: 0.850081, test avg acc: 0.801628, best test acc: 0.880470
Train 195, loss: 1.086845
Test 195, loss: 2.116673, test acc: 0.856564, test avg acc: 0.803291, best test acc: 0.880470
Train 196, loss: 1.086688
Test 196, loss: 2.079000, test acc: 0.859400, test avg acc: 0.813227, best test acc: 0.880470
Train 197, loss: 1.099686
Test 197, loss: 2.116634, test acc: 0.875608, test avg acc: 0.804186, best test acc: 0.880470
Train 198, loss: 1.086566
Test 198, loss: 2.096565, test acc: 0.857780, test avg acc: 0.807924, best test acc: 0.880470
Train 199, loss: 1.082500
Test 199, loss: 2.088837, test acc: 0.860616, test avg acc: 0.802529, best test acc: 0.880470
Train 200, loss: 1.079659
Test 200, loss: 2.078458, test acc: 0.862642, test avg acc: 0.794640, best test acc: 0.880470
Train 201, loss: 1.073849
Test 201, loss: 2.090982, test acc: 0.851297, test avg acc: 0.799064, best test acc: 0.880470
Train 202, loss: 1.075253
Test 202, loss: 2.029073, test acc: 0.869935, test avg acc: 0.806064, best test acc: 0.880470
Train 203, loss: 1.090712
Test 203, loss: 2.048957, test acc: 0.865883, test avg acc: 0.810884, best test acc: 0.880470
Train 204, loss: 1.081181
Test 204, loss: 2.101011, test acc: 0.863452, test avg acc: 0.816110, best test acc: 0.880470
Train 205, loss: 1.059844
Test 205, loss: 2.053280, test acc: 0.878849, test avg acc: 0.826552, best test acc: 0.880470
Train 206, loss: 1.087264
Test 206, loss: 2.120556, test acc: 0.854133, test avg acc: 0.794477, best test acc: 0.880470
Train 207, loss: 1.105213
Test 207, loss: 2.058249, test acc: 0.865883, test avg acc: 0.820174, best test acc: 0.880470
Train 208, loss: 1.075396
Test 208, loss: 2.082605, test acc: 0.867909, test avg acc: 0.809738, best test acc: 0.880470
Train 209, loss: 1.093993
Test 209, loss: 2.121211, test acc: 0.856969, test avg acc: 0.800180, best test acc: 0.880470
Train 210, loss: 1.063644
Test 210, loss: 2.038994, test acc: 0.874797, test avg acc: 0.834384, best test acc: 0.880470
Train 211, loss: 1.069512
Test 211, loss: 2.165269, test acc: 0.856159, test avg acc: 0.804773, best test acc: 0.880470
Train 212, loss: 1.074443
Test 212, loss: 2.076799, test acc: 0.860211, test avg acc: 0.807721, best test acc: 0.880470
Train 213, loss: 1.101845
Test 213, loss: 2.116136, test acc: 0.855348, test avg acc: 0.796773, best test acc: 0.880470
Train 214, loss: 1.079561
Test 214, loss: 2.101633, test acc: 0.868720, test avg acc: 0.820343, best test acc: 0.880470
Train 215, loss: 1.084806
Test 215, loss: 2.111438, test acc: 0.861021, test avg acc: 0.804186, best test acc: 0.880470
Train 216, loss: 1.095121
Test 216, loss: 2.096597, test acc: 0.867909, test avg acc: 0.811273, best test acc: 0.880470
Train 217, loss: 1.066891
Test 217, loss: 2.079615, test acc: 0.858590, test avg acc: 0.810355, best test acc: 0.880470
Train 218, loss: 1.078330
Test 218, loss: 2.129716, test acc: 0.858185, test avg acc: 0.795140, best test acc: 0.880470
Train 219, loss: 1.069237
Test 219, loss: 2.144339, test acc: 0.866694, test avg acc: 0.816953, best test acc: 0.880470
Train 220, loss: 1.069529
Test 220, loss: 2.125036, test acc: 0.859400, test avg acc: 0.803390, best test acc: 0.880470
Train 221, loss: 1.086035
Test 221, loss: 2.024367, test acc: 0.875203, test avg acc: 0.826384, best test acc: 0.880470
Train 222, loss: 1.077737
Test 222, loss: 2.026794, test acc: 0.865478, test avg acc: 0.815227, best test acc: 0.880470
Train 223, loss: 1.077544
Test 223, loss: 2.130933, test acc: 0.870340, test avg acc: 0.826140, best test acc: 0.880470
Train 224, loss: 1.069894
Test 224, loss: 2.078689, test acc: 0.867099, test avg acc: 0.817407, best test acc: 0.880470
Train 225, loss: 1.084242
Test 225, loss: 2.127971, test acc: 0.867099, test avg acc: 0.825430, best test acc: 0.880470
Train 226, loss: 1.060774
Test 226, loss: 2.097471, test acc: 0.858185, test avg acc: 0.798297, best test acc: 0.880470
Train 227, loss: 1.094417
Test 227, loss: 2.061852, test acc: 0.860616, test avg acc: 0.803355, best test acc: 0.880470
Train 228, loss: 1.077233
Test 228, loss: 2.036647, test acc: 0.874392, test avg acc: 0.810227, best test acc: 0.880470
Train 229, loss: 1.078445
Test 229, loss: 2.069021, test acc: 0.861021, test avg acc: 0.803140, best test acc: 0.880470
Train 230, loss: 1.068792
Test 230, loss: 1.991552, test acc: 0.871151, test avg acc: 0.799936, best test acc: 0.880470
Train 231, loss: 1.086068
Test 231, loss: 2.158417, test acc: 0.871151, test avg acc: 0.811814, best test acc: 0.880470
Train 232, loss: 1.075370
Test 232, loss: 2.079463, test acc: 0.869530, test avg acc: 0.814169, best test acc: 0.880470
Train 233, loss: 1.077333
Test 233, loss: 2.158056, test acc: 0.856159, test avg acc: 0.792343, best test acc: 0.880470
Train 234, loss: 1.073904
Test 234, loss: 2.126236, test acc: 0.863452, test avg acc: 0.814337, best test acc: 0.880470
Train 235, loss: 1.090665
Test 235, loss: 2.077764, test acc: 0.869125, test avg acc: 0.806052, best test acc: 0.880470
Train 236, loss: 1.085047
Test 236, loss: 2.068469, test acc: 0.860211, test avg acc: 0.797250, best test acc: 0.880470
Train 237, loss: 1.081590
Test 237, loss: 2.081263, test acc: 0.852512, test avg acc: 0.796198, best test acc: 0.880470
Train 238, loss: 1.086022
Test 238, loss: 2.055195, test acc: 0.876418, test avg acc: 0.817953, best test acc: 0.880470
Train 239, loss: 1.092586
Test 239, loss: 2.060685, test acc: 0.854133, test avg acc: 0.803605, best test acc: 0.880470
Train 240, loss: 1.084665
Test 240, loss: 2.146582, test acc: 0.850081, test avg acc: 0.799023, best test acc: 0.880470
Train 241, loss: 1.088182
Test 241, loss: 2.098208, test acc: 0.865883, test avg acc: 0.812343, best test acc: 0.880470
Train 242, loss: 1.077342
Test 242, loss: 2.092220, test acc: 0.857780, test avg acc: 0.804733, best test acc: 0.880470
Train 243, loss: 1.070776
Test 243, loss: 2.081378, test acc: 0.858995, test avg acc: 0.812645, best test acc: 0.880470
Train 244, loss: 1.082673
Test 244, loss: 1.988758, test acc: 0.875203, test avg acc: 0.819599, best test acc: 0.880470
Train 245, loss: 1.064960
Test 245, loss: 1.968619, test acc: 0.871151, test avg acc: 0.808820, best test acc: 0.880470
Train 246, loss: 1.078562
Test 246, loss: 2.072467, test acc: 0.857374, test avg acc: 0.800401, best test acc: 0.880470
Train 247, loss: 1.089770
Test 247, loss: 2.145348, test acc: 0.862237, test avg acc: 0.806343, best test acc: 0.880470
Train 248, loss: 1.079590
Test 248, loss: 2.074081, test acc: 0.871151, test avg acc: 0.813384, best test acc: 0.880470
Train 249, loss: 1.076232
Test 249, loss: 2.072639, test acc: 0.858590, test avg acc: 0.796872, best test acc: 0.880470
Train 250, loss: 1.055123
Test 250, loss: 2.104325, test acc: 0.867504, test avg acc: 0.803552, best test acc: 0.880470
Train 251, loss: 1.080316
Test 251, loss: 2.143376, test acc: 0.862642, test avg acc: 0.806733, best test acc: 0.880470
Train 252, loss: 1.066604
Test 252, loss: 2.124247, test acc: 0.863452, test avg acc: 0.806924, best test acc: 0.880470
Train 253, loss: 1.068052
Test 253, loss: 2.134945, test acc: 0.869935, test avg acc: 0.817006, best test acc: 0.880470
Train 254, loss: 1.040846
Test 254, loss: 2.044202, test acc: 0.865073, test avg acc: 0.803756, best test acc: 0.880470
Train 255, loss: 1.070279
Test 255, loss: 2.140319, test acc: 0.866288, test avg acc: 0.817983, best test acc: 0.880470
Train 256, loss: 1.078067
Test 256, loss: 2.064827, test acc: 0.852107, test avg acc: 0.791907, best test acc: 0.880470
Train 257, loss: 1.063368
Test 257, loss: 2.102827, test acc: 0.854943, test avg acc: 0.795326, best test acc: 0.880470
Train 258, loss: 1.073639
Test 258, loss: 2.026322, test acc: 0.852512, test avg acc: 0.796802, best test acc: 0.880470
Train 259, loss: 1.077324
Test 259, loss: 2.051803, test acc: 0.865883, test avg acc: 0.815343, best test acc: 0.880470
Train 260, loss: 1.079670
Test 260, loss: 2.101169, test acc: 0.856969, test avg acc: 0.802477, best test acc: 0.880470
Train 261, loss: 1.082591
Test 261, loss: 2.042751, test acc: 0.871556, test avg acc: 0.816605, best test acc: 0.880470
Train 262, loss: 1.067256
Test 262, loss: 2.052706, test acc: 0.867909, test avg acc: 0.813767, best test acc: 0.880470
Train 263, loss: 1.067484
Test 263, loss: 2.085623, test acc: 0.873987, test avg acc: 0.818895, best test acc: 0.880470
Train 264, loss: 1.066305
Test 264, loss: 2.154796, test acc: 0.852107, test avg acc: 0.799395, best test acc: 0.880470
Train 265, loss: 1.066496
Test 265, loss: 2.186790, test acc: 0.866694, test avg acc: 0.804221, best test acc: 0.880470
Train 266, loss: 1.064420
Test 266, loss: 2.176499, test acc: 0.863047, test avg acc: 0.801477, best test acc: 0.880470
Train 267, loss: 1.062004
Test 267, loss: 2.158556, test acc: 0.860616, test avg acc: 0.792709, best test acc: 0.880470
Train 268, loss: 1.060237
Test 268, loss: 2.064460, test acc: 0.862237, test avg acc: 0.798308, best test acc: 0.880470
Train 269, loss: 1.066777
Test 269, loss: 2.061585, test acc: 0.854538, test avg acc: 0.789233, best test acc: 0.880470
Train 270, loss: 1.071888
Test 270, loss: 2.081910, test acc: 0.858590, test avg acc: 0.799297, best test acc: 0.880470
Train 271, loss: 1.071678
Test 271, loss: 2.114576, test acc: 0.852512, test avg acc: 0.808605, best test acc: 0.880470
Train 272, loss: 1.059352
Test 272, loss: 2.159431, test acc: 0.868720, test avg acc: 0.804762, best test acc: 0.880470
Train 273, loss: 1.060063
Test 273, loss: 2.047065, test acc: 0.873177, test avg acc: 0.822680, best test acc: 0.880470
Train 274, loss: 1.069627
Test 274, loss: 2.112742, test acc: 0.870340, test avg acc: 0.822477, best test acc: 0.880470
Train 275, loss: 1.048127
Test 275, loss: 2.080674, test acc: 0.867504, test avg acc: 0.811645, best test acc: 0.880470
Train 276, loss: 1.076715
Test 276, loss: 2.204243, test acc: 0.867504, test avg acc: 0.797907, best test acc: 0.880470
Train 277, loss: 1.060560
Test 277, loss: 2.175019, test acc: 0.866288, test avg acc: 0.806808, best test acc: 0.880470
Train 278, loss: 1.062745
Test 278, loss: 2.090313, test acc: 0.869125, test avg acc: 0.812384, best test acc: 0.880470
Train 279, loss: 1.062509
Test 279, loss: 2.117173, test acc: 0.868720, test avg acc: 0.805186, best test acc: 0.880470
Train 280, loss: 1.076694
Test 280, loss: 2.075023, test acc: 0.863857, test avg acc: 0.807267, best test acc: 0.880470
Train 281, loss: 1.058839
Test 281, loss: 2.049989, test acc: 0.859806, test avg acc: 0.797733, best test acc: 0.880470
Train 282, loss: 1.069531
Test 282, loss: 2.150685, test acc: 0.860211, test avg acc: 0.812047, best test acc: 0.880470
Train 283, loss: 1.065292
Test 283, loss: 2.041988, test acc: 0.872771, test avg acc: 0.818081, best test acc: 0.880470
Train 284, loss: 1.079544
Test 284, loss: 2.152256, test acc: 0.854943, test avg acc: 0.785471, best test acc: 0.880470
Train 285, loss: 1.083166
Test 285, loss: 2.034387, test acc: 0.876823, test avg acc: 0.809459, best test acc: 0.880470
Train 286, loss: 1.050808
Test 286, loss: 2.192179, test acc: 0.865073, test avg acc: 0.801512, best test acc: 0.880470
Train 287, loss: 1.077948
Test 287, loss: 2.089043, test acc: 0.873177, test avg acc: 0.812047, best test acc: 0.880470
Train 288, loss: 1.078974
Test 288, loss: 2.142396, test acc: 0.868314, test avg acc: 0.822802, best test acc: 0.880470
Train 289, loss: 1.068873
Test 289, loss: 2.093192, test acc: 0.864263, test avg acc: 0.808558, best test acc: 0.880470
Train 290, loss: 1.066651
Test 290, loss: 2.091489, test acc: 0.863857, test avg acc: 0.812924, best test acc: 0.880470
Train 291, loss: 1.053932
Test 291, loss: 2.100573, test acc: 0.853323, test avg acc: 0.804971, best test acc: 0.880470
Train 292, loss: 1.078211
Test 292, loss: 2.069833, test acc: 0.871961, test avg acc: 0.825610, best test acc: 0.880470
Train 293, loss: 1.064734
Test 293, loss: 2.061070, test acc: 0.863452, test avg acc: 0.814477, best test acc: 0.880470
Train 294, loss: 1.066205
Test 294, loss: 2.116442, test acc: 0.848460, test avg acc: 0.801337, best test acc: 0.880470
Train 295, loss: 1.063690
Test 295, loss: 2.108445, test acc: 0.860616, test avg acc: 0.798872, best test acc: 0.880470
Train 296, loss: 1.074251
Test 296, loss: 2.087076, test acc: 0.860211, test avg acc: 0.805512, best test acc: 0.880470
Train 297, loss: 1.064375
Test 297, loss: 2.089483, test acc: 0.868314, test avg acc: 0.814547, best test acc: 0.880470
Train 298, loss: 1.080337
Test 298, loss: 2.061286, test acc: 0.863047, test avg acc: 0.813523, best test acc: 0.880470
Train 299, loss: 1.076975
Test 299, loss: 2.100979, test acc: 0.862237, test avg acc: 0.813552, best test acc: 0.880470
Train 300, loss: 1.066959
Test 300, loss: 2.082879, test acc: 0.858995, test avg acc: 0.793087, best test acc: 0.880470
Train 301, loss: 1.070592
Test 301, loss: 2.102958, test acc: 0.878849, test avg acc: 0.823343, best test acc: 0.880470
Train 302, loss: 1.068867
Test 302, loss: 2.046071, test acc: 0.865478, test avg acc: 0.808855, best test acc: 0.880470
Train 303, loss: 1.049871
Test 303, loss: 2.021211, test acc: 0.875203, test avg acc: 0.816314, best test acc: 0.880470
Train 304, loss: 1.062735
Test 304, loss: 2.161404, test acc: 0.864263, test avg acc: 0.808169, best test acc: 0.880470
Train 305, loss: 1.084295
Test 305, loss: 2.041446, test acc: 0.873987, test avg acc: 0.827058, best test acc: 0.880470
Train 306, loss: 1.060838
Test 306, loss: 2.043670, test acc: 0.869530, test avg acc: 0.818297, best test acc: 0.880470
Train 307, loss: 1.049219
Test 307, loss: 2.120805, test acc: 0.862237, test avg acc: 0.816151, best test acc: 0.880470
Train 308, loss: 1.057663
Test 308, loss: 2.110222, test acc: 0.859806, test avg acc: 0.805965, best test acc: 0.880470
Train 309, loss: 1.056511
Test 309, loss: 2.174828, test acc: 0.853728, test avg acc: 0.797895, best test acc: 0.880470
Train 310, loss: 1.075741
Test 310, loss: 2.136944, test acc: 0.871961, test avg acc: 0.814994, best test acc: 0.880470
Train 311, loss: 1.070093
Test 311, loss: 2.054923, test acc: 0.872366, test avg acc: 0.803012, best test acc: 0.880470
Train 312, loss: 1.069803
Test 312, loss: 2.052352, test acc: 0.861831, test avg acc: 0.802703, best test acc: 0.880470
Train 313, loss: 1.049886
Test 313, loss: 2.076645, test acc: 0.866288, test avg acc: 0.811250, best test acc: 0.880470
Train 314, loss: 1.052859
Test 314, loss: 2.154970, test acc: 0.862642, test avg acc: 0.795901, best test acc: 0.880470
Train 315, loss: 1.071609
Test 315, loss: 2.095583, test acc: 0.866288, test avg acc: 0.813215, best test acc: 0.880470
Train 316, loss: 1.071165
Test 316, loss: 2.098230, test acc: 0.866694, test avg acc: 0.807744, best test acc: 0.880470
Train 317, loss: 1.051630
Test 317, loss: 2.041908, test acc: 0.864668, test avg acc: 0.807657, best test acc: 0.880470
Train 318, loss: 1.058022
Test 318, loss: 2.098060, test acc: 0.872771, test avg acc: 0.804680, best test acc: 0.880470
Train 319, loss: 1.056783
Test 319, loss: 2.092187, test acc: 0.863857, test avg acc: 0.801105, best test acc: 0.880470
Train 320, loss: 1.066033
Test 320, loss: 2.155020, test acc: 0.874392, test avg acc: 0.812930, best test acc: 0.880470
Train 321, loss: 1.059944
Test 321, loss: 2.071622, test acc: 0.867099, test avg acc: 0.806977, best test acc: 0.880470
Train 322, loss: 1.069218
Test 322, loss: 2.060493, test acc: 0.865883, test avg acc: 0.819663, best test acc: 0.880470
Train 323, loss: 1.073137
Test 323, loss: 2.117852, test acc: 0.865478, test avg acc: 0.813308, best test acc: 0.880470
Train 324, loss: 1.065140
Test 324, loss: 2.112132, test acc: 0.872771, test avg acc: 0.823215, best test acc: 0.880470
Train 325, loss: 1.066616
Test 325, loss: 2.076901, test acc: 0.873987, test avg acc: 0.815215, best test acc: 0.880470
Train 326, loss: 1.076894
Test 326, loss: 2.169432, test acc: 0.853323, test avg acc: 0.802930, best test acc: 0.880470
Train 327, loss: 1.048528
Test 327, loss: 2.136653, test acc: 0.865478, test avg acc: 0.803349, best test acc: 0.880470
Train 328, loss: 1.053954
Test 328, loss: 2.074003, test acc: 0.865883, test avg acc: 0.803087, best test acc: 0.880470
Train 329, loss: 1.041529
Test 329, loss: 2.156720, test acc: 0.865478, test avg acc: 0.806058, best test acc: 0.880470
Train 330, loss: 1.066672
Test 330, loss: 2.057875, test acc: 0.875203, test avg acc: 0.826436, best test acc: 0.880470
Train 331, loss: 1.055387
Test 331, loss: 2.078705, test acc: 0.866694, test avg acc: 0.821919, best test acc: 0.880470
Train 332, loss: 1.071183
Test 332, loss: 1.994398, test acc: 0.866694, test avg acc: 0.798767, best test acc: 0.880470
Train 333, loss: 1.044118
Test 333, loss: 2.068923, test acc: 0.869935, test avg acc: 0.820477, best test acc: 0.880470
Train 334, loss: 1.046067
Test 334, loss: 2.061826, test acc: 0.863452, test avg acc: 0.805279, best test acc: 0.880470
Train 335, loss: 1.049860
Test 335, loss: 2.084161, test acc: 0.862237, test avg acc: 0.808721, best test acc: 0.880470
Train 336, loss: 1.070126
Test 336, loss: 2.002638, test acc: 0.859806, test avg acc: 0.789767, best test acc: 0.880470
Train 337, loss: 1.061058
Test 337, loss: 2.071949, test acc: 0.866694, test avg acc: 0.814727, best test acc: 0.880470
Train 338, loss: 1.053704
Test 338, loss: 2.071876, test acc: 0.867909, test avg acc: 0.817390, best test acc: 0.880470
Train 339, loss: 1.051994
Test 339, loss: 2.012782, test acc: 0.871151, test avg acc: 0.827157, best test acc: 0.880470
Train 340, loss: 1.077861
Test 340, loss: 2.072420, test acc: 0.861426, test avg acc: 0.809483, best test acc: 0.880470
Train 341, loss: 1.058859
Test 341, loss: 2.077996, test acc: 0.865883, test avg acc: 0.814116, best test acc: 0.880470
Train 342, loss: 1.052402
Test 342, loss: 2.109271, test acc: 0.862642, test avg acc: 0.808523, best test acc: 0.880470
Train 343, loss: 1.056442
Test 343, loss: 2.078964, test acc: 0.866288, test avg acc: 0.812128, best test acc: 0.880470
Train 344, loss: 1.069270
Test 344, loss: 1.987973, test acc: 0.871151, test avg acc: 0.816942, best test acc: 0.880470
Train 345, loss: 1.059538
Test 345, loss: 2.145437, test acc: 0.839951, test avg acc: 0.785535, best test acc: 0.880470
Train 346, loss: 1.052729
Test 346, loss: 2.069467, test acc: 0.864668, test avg acc: 0.798488, best test acc: 0.880470
Train 347, loss: 1.056135
Test 347, loss: 2.086509, test acc: 0.860211, test avg acc: 0.803622, best test acc: 0.880470
Train 348, loss: 1.060280
Test 348, loss: 2.097784, test acc: 0.871151, test avg acc: 0.815907, best test acc: 0.880470
Train 349, loss: 1.043825
Test 349, loss: 2.155509, test acc: 0.868314, test avg acc: 0.816936, best test acc: 0.880470
Train 350, loss: 1.044531
Test 350, loss: 2.128188, test acc: 0.870340, test avg acc: 0.812936, best test acc: 0.880470
Train 351, loss: 1.066862
Test 351, loss: 2.056254, test acc: 0.859806, test avg acc: 0.802099, best test acc: 0.880470
Train 352, loss: 1.062938
Test 352, loss: 2.154659, test acc: 0.860616, test avg acc: 0.788017, best test acc: 0.880470
Train 353, loss: 1.033537
Test 353, loss: 2.095529, test acc: 0.852512, test avg acc: 0.799471, best test acc: 0.880470
Train 354, loss: 1.056104
Test 354, loss: 2.069314, test acc: 0.862642, test avg acc: 0.817564, best test acc: 0.880470
Train 355, loss: 1.041655
Test 355, loss: 2.045719, test acc: 0.869935, test avg acc: 0.814244, best test acc: 0.880470
Train 356, loss: 1.059182
Test 356, loss: 2.042966, test acc: 0.870746, test avg acc: 0.806483, best test acc: 0.880470
Train 357, loss: 1.055131
Test 357, loss: 2.137159, test acc: 0.859400, test avg acc: 0.809070, best test acc: 0.880470
Train 358, loss: 1.045457
Test 358, loss: 2.143754, test acc: 0.863047, test avg acc: 0.802890, best test acc: 0.880470
Train 359, loss: 1.058968
Test 359, loss: 2.049055, test acc: 0.859400, test avg acc: 0.803599, best test acc: 0.880470
Train 360, loss: 1.056759
Test 360, loss: 2.118007, test acc: 0.869125, test avg acc: 0.815849, best test acc: 0.880470
Train 361, loss: 1.071272
Test 361, loss: 2.130864, test acc: 0.868314, test avg acc: 0.824128, best test acc: 0.880470
Train 362, loss: 1.062194
Test 362, loss: 2.132726, test acc: 0.861021, test avg acc: 0.809297, best test acc: 0.880470
Train 363, loss: 1.058665
Test 363, loss: 2.089169, test acc: 0.882091, test avg acc: 0.827849, best test acc: 0.882091
Train 364, loss: 1.058017
Test 364, loss: 2.068740, test acc: 0.857780, test avg acc: 0.810267, best test acc: 0.882091
Train 365, loss: 1.043573
Test 365, loss: 2.059023, test acc: 0.874797, test avg acc: 0.821483, best test acc: 0.882091
Train 366, loss: 1.050720
Test 366, loss: 2.167186, test acc: 0.857374, test avg acc: 0.812145, best test acc: 0.882091
Train 367, loss: 1.055817
Test 367, loss: 2.148295, test acc: 0.863047, test avg acc: 0.814692, best test acc: 0.882091
Train 368, loss: 1.048354
Test 368, loss: 2.111261, test acc: 0.859806, test avg acc: 0.805698, best test acc: 0.882091
Train 369, loss: 1.067819
Test 369, loss: 2.116260, test acc: 0.870340, test avg acc: 0.808052, best test acc: 0.882091
Train 370, loss: 1.063019
Test 370, loss: 2.144142, test acc: 0.865883, test avg acc: 0.797058, best test acc: 0.882091
Train 371, loss: 1.055579
Test 371, loss: 2.087469, test acc: 0.861831, test avg acc: 0.813715, best test acc: 0.882091
Train 372, loss: 1.065519
Test 372, loss: 2.082302, test acc: 0.874797, test avg acc: 0.812140, best test acc: 0.882091
Train 373, loss: 1.076001
Test 373, loss: 2.133085, test acc: 0.859806, test avg acc: 0.812128, best test acc: 0.882091
Train 374, loss: 1.065362
Test 374, loss: 2.068521, test acc: 0.863047, test avg acc: 0.813733, best test acc: 0.882091
Train 375, loss: 1.057225
Test 375, loss: 2.095742, test acc: 0.865478, test avg acc: 0.807105, best test acc: 0.882091
Train 376, loss: 1.060639
Test 376, loss: 2.019126, test acc: 0.861831, test avg acc: 0.796448, best test acc: 0.882091
Train 377, loss: 1.049648
Test 377, loss: 2.059172, test acc: 0.871961, test avg acc: 0.828552, best test acc: 0.882091
Train 378, loss: 1.068961
Test 378, loss: 2.093112, test acc: 0.852512, test avg acc: 0.801314, best test acc: 0.882091
Train 379, loss: 1.032377
Test 379, loss: 2.095912, test acc: 0.862642, test avg acc: 0.816983, best test acc: 0.882091
Train 380, loss: 1.044485
Test 380, loss: 2.019307, test acc: 0.871556, test avg acc: 0.823459, best test acc: 0.882091
Train 381, loss: 1.075092
Test 381, loss: 2.100279, test acc: 0.867909, test avg acc: 0.812558, best test acc: 0.882091
Train 382, loss: 1.050637
Test 382, loss: 2.091900, test acc: 0.862642, test avg acc: 0.803203, best test acc: 0.882091
Train 383, loss: 1.039491
Test 383, loss: 1.998524, test acc: 0.876823, test avg acc: 0.807558, best test acc: 0.882091
Train 384, loss: 1.078450
Test 384, loss: 2.057551, test acc: 0.868314, test avg acc: 0.804733, best test acc: 0.882091
Train 385, loss: 1.062253
Test 385, loss: 2.091289, test acc: 0.860211, test avg acc: 0.802930, best test acc: 0.882091
Train 386, loss: 1.043956
Test 386, loss: 2.151653, test acc: 0.863452, test avg acc: 0.806430, best test acc: 0.882091
Train 387, loss: 1.061504
Test 387, loss: 1.992559, test acc: 0.858995, test avg acc: 0.810866, best test acc: 0.882091
Train 388, loss: 1.051589
Test 388, loss: 2.079557, test acc: 0.857374, test avg acc: 0.807390, best test acc: 0.882091
Train 389, loss: 1.029556
Test 389, loss: 2.071760, test acc: 0.870340, test avg acc: 0.823977, best test acc: 0.882091
Train 390, loss: 1.055591
Test 390, loss: 1.984622, test acc: 0.870746, test avg acc: 0.813320, best test acc: 0.882091
Train 391, loss: 1.055053
Test 391, loss: 2.057198, test acc: 0.864263, test avg acc: 0.821430, best test acc: 0.882091
Train 392, loss: 1.056759
Test 392, loss: 2.067253, test acc: 0.854538, test avg acc: 0.781942, best test acc: 0.882091
Train 393, loss: 1.064883
Test 393, loss: 2.109994, test acc: 0.860616, test avg acc: 0.813988, best test acc: 0.882091
Train 394, loss: 1.066570
Test 394, loss: 2.036807, test acc: 0.864668, test avg acc: 0.813314, best test acc: 0.882091
Train 395, loss: 1.054540
Test 395, loss: 2.144143, test acc: 0.869125, test avg acc: 0.810517, best test acc: 0.882091
Train 396, loss: 1.059215
Test 396, loss: 2.025460, test acc: 0.877229, test avg acc: 0.806017, best test acc: 0.882091
Train 397, loss: 1.059965
Test 397, loss: 2.138604, test acc: 0.863047, test avg acc: 0.813517, best test acc: 0.882091
Train 398, loss: 1.057140
Test 398, loss: 2.097381, test acc: 0.856969, test avg acc: 0.803407, best test acc: 0.882091
Train 399, loss: 1.053567
Test 399, loss: 2.108550, test acc: 0.871556, test avg acc: 0.802331, best test acc: 0.882091
Train 400, loss: 1.039525
Test 400, loss: 2.140996, test acc: 0.862237, test avg acc: 0.797128, best test acc: 0.882091
Train 401, loss: 1.057997
Test 401, loss: 2.105060, test acc: 0.871151, test avg acc: 0.810797, best test acc: 0.882091
Train 402, loss: 1.043667
Test 402, loss: 2.133723, test acc: 0.859400, test avg acc: 0.801453, best test acc: 0.882091
Train 403, loss: 1.059738
Test 403, loss: 2.095117, test acc: 0.855348, test avg acc: 0.811901, best test acc: 0.882091
Train 404, loss: 1.057789
Test 404, loss: 2.145875, test acc: 0.865883, test avg acc: 0.798860, best test acc: 0.882091
Train 405, loss: 1.070185
Test 405, loss: 2.018287, test acc: 0.861426, test avg acc: 0.800233, best test acc: 0.882091
Train 406, loss: 1.041190
Test 406, loss: 2.154170, test acc: 0.878039, test avg acc: 0.820331, best test acc: 0.882091
Train 407, loss: 1.051076
Test 407, loss: 2.027757, test acc: 0.874797, test avg acc: 0.817762, best test acc: 0.882091
Train 408, loss: 1.049510
Test 408, loss: 2.129380, test acc: 0.873987, test avg acc: 0.823186, best test acc: 0.882091
Train 409, loss: 1.049658
Test 409, loss: 2.080762, test acc: 0.871961, test avg acc: 0.810273, best test acc: 0.882091
Train 410, loss: 1.065639
Test 410, loss: 2.102422, test acc: 0.859806, test avg acc: 0.809570, best test acc: 0.882091
Train 411, loss: 1.045969
Test 411, loss: 2.087238, test acc: 0.851297, test avg acc: 0.808378, best test acc: 0.882091
Train 412, loss: 1.045940
Test 412, loss: 2.031735, test acc: 0.875608, test avg acc: 0.826640, best test acc: 0.882091
Train 413, loss: 1.061647
Test 413, loss: 2.086957, test acc: 0.870340, test avg acc: 0.824855, best test acc: 0.882091
Train 414, loss: 1.061389
Test 414, loss: 2.018215, test acc: 0.869125, test avg acc: 0.813267, best test acc: 0.882091
Train 415, loss: 1.042215
Test 415, loss: 2.024469, test acc: 0.866288, test avg acc: 0.812791, best test acc: 0.882091
Train 416, loss: 1.038754
Test 416, loss: 2.094078, test acc: 0.868720, test avg acc: 0.816390, best test acc: 0.882091
Train 417, loss: 1.045854
Test 417, loss: 2.161638, test acc: 0.869125, test avg acc: 0.823052, best test acc: 0.882091
Train 418, loss: 1.046607
Test 418, loss: 2.091286, test acc: 0.865883, test avg acc: 0.816930, best test acc: 0.882091
Train 419, loss: 1.048146
Test 419, loss: 2.124199, test acc: 0.876013, test avg acc: 0.831186, best test acc: 0.882091
Train 420, loss: 1.065712
Test 420, loss: 2.090588, test acc: 0.868314, test avg acc: 0.810227, best test acc: 0.882091
Train 421, loss: 1.067764
Test 421, loss: 2.113170, test acc: 0.867504, test avg acc: 0.812099, best test acc: 0.882091
Train 422, loss: 1.047917
Test 422, loss: 2.083614, test acc: 0.870746, test avg acc: 0.821314, best test acc: 0.882091
Train 423, loss: 1.046048
Test 423, loss: 2.070947, test acc: 0.875608, test avg acc: 0.825773, best test acc: 0.882091
Train 424, loss: 1.052318
Test 424, loss: 2.023411, test acc: 0.880065, test avg acc: 0.833047, best test acc: 0.882091
Train 425, loss: 1.049899
Test 425, loss: 2.061334, test acc: 0.869935, test avg acc: 0.819087, best test acc: 0.882091
Train 426, loss: 1.056074
Test 426, loss: 2.079162, test acc: 0.867504, test avg acc: 0.809140, best test acc: 0.882091
Train 427, loss: 1.039602
Test 427, loss: 2.115274, test acc: 0.865478, test avg acc: 0.801517, best test acc: 0.882091
Train 428, loss: 1.052061
Test 428, loss: 2.033011, test acc: 0.875203, test avg acc: 0.826517, best test acc: 0.882091
Train 429, loss: 1.038305
Test 429, loss: 2.052531, test acc: 0.869125, test avg acc: 0.820273, best test acc: 0.882091
Train 430, loss: 1.045711
Test 430, loss: 2.070368, test acc: 0.869530, test avg acc: 0.807994, best test acc: 0.882091
Train 431, loss: 1.037584
Test 431, loss: 2.107594, test acc: 0.882091, test avg acc: 0.825622, best test acc: 0.882091
Train 432, loss: 1.063540
Test 432, loss: 2.160177, test acc: 0.867909, test avg acc: 0.817762, best test acc: 0.882091
Train 433, loss: 1.056614
Test 433, loss: 2.072134, test acc: 0.867099, test avg acc: 0.814808, best test acc: 0.882091
Train 434, loss: 1.040418
Test 434, loss: 2.088377, test acc: 0.857780, test avg acc: 0.812262, best test acc: 0.882091
Train 435, loss: 1.069973
Test 435, loss: 2.112783, test acc: 0.853728, test avg acc: 0.812773, best test acc: 0.882091
Train 436, loss: 1.052946
Test 436, loss: 2.032246, test acc: 0.867909, test avg acc: 0.811413, best test acc: 0.882091
Train 437, loss: 1.057604
Test 437, loss: 2.114068, test acc: 0.858995, test avg acc: 0.806471, best test acc: 0.882091
Train 438, loss: 1.059323
Test 438, loss: 2.089556, test acc: 0.861831, test avg acc: 0.805890, best test acc: 0.882091
Train 439, loss: 1.060221
Test 439, loss: 2.031868, test acc: 0.870746, test avg acc: 0.805599, best test acc: 0.882091
Train 440, loss: 1.039174
Test 440, loss: 2.102598, test acc: 0.878849, test avg acc: 0.820041, best test acc: 0.882091
Train 441, loss: 1.061215
Test 441, loss: 2.084008, test acc: 0.871151, test avg acc: 0.811843, best test acc: 0.882091
Train 442, loss: 1.066572
Test 442, loss: 2.002934, test acc: 0.871556, test avg acc: 0.801023, best test acc: 0.882091
Train 443, loss: 1.039105
Test 443, loss: 2.080544, test acc: 0.865883, test avg acc: 0.811215, best test acc: 0.882091
Train 444, loss: 1.060099
Test 444, loss: 2.031589, test acc: 0.860616, test avg acc: 0.799901, best test acc: 0.882091
Train 445, loss: 1.041884
Test 445, loss: 2.155724, test acc: 0.848055, test avg acc: 0.809529, best test acc: 0.882091
Train 446, loss: 1.060997
Test 446, loss: 2.067299, test acc: 0.867909, test avg acc: 0.811680, best test acc: 0.882091
Train 447, loss: 1.039734
Test 447, loss: 2.060772, test acc: 0.871556, test avg acc: 0.805471, best test acc: 0.882091
Train 448, loss: 1.062769
Test 448, loss: 2.037740, test acc: 0.871556, test avg acc: 0.824424, best test acc: 0.882091
Train 449, loss: 1.046496
Test 449, loss: 2.049605, test acc: 0.864668, test avg acc: 0.819302, best test acc: 0.882091
Train 450, loss: 1.042197
Test 450, loss: 2.066584, test acc: 0.852917, test avg acc: 0.814017, best test acc: 0.882091
Train 451, loss: 1.075775
Test 451, loss: 2.122908, test acc: 0.858995, test avg acc: 0.799703, best test acc: 0.882091
Train 452, loss: 1.047695
Test 452, loss: 2.261891, test acc: 0.854538, test avg acc: 0.792250, best test acc: 0.882091
Train 453, loss: 1.062501
Test 453, loss: 2.078615, test acc: 0.878039, test avg acc: 0.809134, best test acc: 0.882091
Train 454, loss: 1.042903
Test 454, loss: 2.067118, test acc: 0.848055, test avg acc: 0.799733, best test acc: 0.882091
Train 455, loss: 1.044213
Test 455, loss: 2.061835, test acc: 0.865883, test avg acc: 0.802797, best test acc: 0.882091
Train 456, loss: 1.062554
Test 456, loss: 2.061309, test acc: 0.857374, test avg acc: 0.815064, best test acc: 0.882091
Train 457, loss: 1.063686
Test 457, loss: 2.109028, test acc: 0.863857, test avg acc: 0.805157, best test acc: 0.882091
Train 458, loss: 1.041904
Test 458, loss: 2.085866, test acc: 0.866288, test avg acc: 0.792465, best test acc: 0.882091
Train 459, loss: 1.042860
Test 459, loss: 2.116725, test acc: 0.858590, test avg acc: 0.809948, best test acc: 0.882091
Train 460, loss: 1.052280
Test 460, loss: 2.077198, test acc: 0.867504, test avg acc: 0.822535, best test acc: 0.882091
Train 461, loss: 1.044401
Test 461, loss: 2.086678, test acc: 0.878444, test avg acc: 0.821965, best test acc: 0.882091
Train 462, loss: 1.046619
Test 462, loss: 2.050985, test acc: 0.858995, test avg acc: 0.823634, best test acc: 0.882091
Train 463, loss: 1.055121
Test 463, loss: 2.129803, test acc: 0.868314, test avg acc: 0.817692, best test acc: 0.882091
Train 464, loss: 1.047154
Test 464, loss: 2.120437, test acc: 0.873987, test avg acc: 0.815506, best test acc: 0.882091
Train 465, loss: 1.053401
Test 465, loss: 2.109959, test acc: 0.864263, test avg acc: 0.804558, best test acc: 0.882091
Train 466, loss: 1.037482
Test 466, loss: 2.246142, test acc: 0.845219, test avg acc: 0.799442, best test acc: 0.882091
Train 467, loss: 1.046147
Test 467, loss: 2.197591, test acc: 0.837520, test avg acc: 0.802302, best test acc: 0.882091
Train 468, loss: 1.050684
Test 468, loss: 2.044850, test acc: 0.871151, test avg acc: 0.813471, best test acc: 0.882091
Train 469, loss: 1.038884
Test 469, loss: 2.090113, test acc: 0.867099, test avg acc: 0.806372, best test acc: 0.882091
Train 470, loss: 1.045146
Test 470, loss: 2.020454, test acc: 0.880470, test avg acc: 0.826506, best test acc: 0.882091
Train 471, loss: 1.063663
Test 471, loss: 2.140162, test acc: 0.869125, test avg acc: 0.810331, best test acc: 0.882091
Train 472, loss: 1.028597
Test 472, loss: 2.120866, test acc: 0.867909, test avg acc: 0.812058, best test acc: 0.882091
Train 473, loss: 1.040312
Test 473, loss: 2.101303, test acc: 0.865478, test avg acc: 0.806262, best test acc: 0.882091
Train 474, loss: 1.051867
Test 474, loss: 2.208381, test acc: 0.852917, test avg acc: 0.812471, best test acc: 0.882091
Train 475, loss: 1.038275
Test 475, loss: 2.069142, test acc: 0.869125, test avg acc: 0.818314, best test acc: 0.882091
Train 476, loss: 1.040983
Test 476, loss: 2.132280, test acc: 0.858590, test avg acc: 0.803233, best test acc: 0.882091
Train 477, loss: 1.039327
Test 477, loss: 2.147742, test acc: 0.860211, test avg acc: 0.804721, best test acc: 0.882091
Train 478, loss: 1.034244
Test 478, loss: 2.155156, test acc: 0.870746, test avg acc: 0.815634, best test acc: 0.882091
Train 479, loss: 1.047295
Test 479, loss: 2.059864, test acc: 0.878039, test avg acc: 0.809221, best test acc: 0.882091
Train 480, loss: 1.044228
Test 480, loss: 2.049347, test acc: 0.871151, test avg acc: 0.805686, best test acc: 0.882091
Train 481, loss: 1.069328
Test 481, loss: 2.037578, test acc: 0.866694, test avg acc: 0.797517, best test acc: 0.882091
Train 482, loss: 1.044009
Test 482, loss: 2.114202, test acc: 0.868720, test avg acc: 0.832419, best test acc: 0.882091
Train 483, loss: 1.041677
Test 483, loss: 2.010945, test acc: 0.882091, test avg acc: 0.821384, best test acc: 0.882091
Train 484, loss: 1.036035
Test 484, loss: 2.103781, test acc: 0.863857, test avg acc: 0.797169, best test acc: 0.882091
Train 485, loss: 1.048716
Test 485, loss: 2.042004, test acc: 0.853323, test avg acc: 0.805326, best test acc: 0.882091
Train 486, loss: 1.056478
Test 486, loss: 2.061919, test acc: 0.876418, test avg acc: 0.824977, best test acc: 0.882091
Train 487, loss: 1.036003
Test 487, loss: 2.142922, test acc: 0.868314, test avg acc: 0.814895, best test acc: 0.882091
Train 488, loss: 1.020867
Test 488, loss: 2.152280, test acc: 0.855348, test avg acc: 0.804942, best test acc: 0.882091
Train 489, loss: 1.070001
Test 489, loss: 2.044336, test acc: 0.863452, test avg acc: 0.815093, best test acc: 0.882091
Train 490, loss: 1.052831
Test 490, loss: 2.180224, test acc: 0.862237, test avg acc: 0.797169, best test acc: 0.882091
Train 491, loss: 1.049844
Test 491, loss: 2.027938, test acc: 0.871961, test avg acc: 0.817756, best test acc: 0.882091
Train 492, loss: 1.048609
Test 492, loss: 2.038927, test acc: 0.884522, test avg acc: 0.826640, best test acc: 0.884522
Train 493, loss: 1.060222
Test 493, loss: 2.080583, test acc: 0.873177, test avg acc: 0.832849, best test acc: 0.884522
Train 494, loss: 1.041191
Test 494, loss: 2.129658, test acc: 0.865073, test avg acc: 0.806395, best test acc: 0.884522
Train 495, loss: 1.050415
Test 495, loss: 2.141994, test acc: 0.869530, test avg acc: 0.822523, best test acc: 0.884522
Train 496, loss: 1.040143
Test 496, loss: 2.122399, test acc: 0.855348, test avg acc: 0.792529, best test acc: 0.884522
Train 497, loss: 1.056802
Test 497, loss: 2.102512, test acc: 0.853728, test avg acc: 0.803762, best test acc: 0.884522
Train 498, loss: 1.049091
Test 498, loss: 2.095484, test acc: 0.870746, test avg acc: 0.808099, best test acc: 0.884522
Train 499, loss: 1.045544
Test 499, loss: 2.052013, test acc: 0.870340, test avg acc: 0.812686, best test acc: 0.884522
